#
# A fatal error has been detected by the Java Runtime Environment:
#
#  SIGBUS (0x7) at pc=0x00007f8f549c490e, pid=4231, tid=0x00007f8f3cefe700
#
# JRE version: Java(TM) SE Runtime Environment (8.0_144-b01) (build 1.8.0_144-b01)
# Java VM: Java HotSpot(TM) 64-Bit Server VM (25.144-b01 mixed mode linux-amd64 compressed oops)
# Problematic frame:
# V  [libjvm.so+0x96890e]  PerfLongVariant::sample()+0x1e
#
# Failed to write core dump. Core dumps have been disabled. To enable core dumping, try "ulimit -c unlimited" before starting Java again
#
# If you would like to submit a bug report, please visit:
#   http://bugreport.java.com/bugreport/crash.jsp
#

---------------  T H R E A D  ---------------

Current thread (0x00007f8f4c0cc000):  WatcherThread [stack: 0x00007f8f3cdfe000,0x00007f8f3ceff000] [id=4250]

siginfo: si_signo: 7 (SIGBUS), si_code: 2 (BUS_ADRERR), si_addr: 0x00007f8f55c43420

Registers:
RAX=0x0000000008f47ce8, RBX=0x00007f8f55c43420, RCX=0x0000000000000000, RDX=0x0000000000000032
RSP=0x00007f8f3cefdc80, RBP=0x00007f8f3cefdc90, RSI=0x0000000000000005, RDI=0x00007f8f4c01fab0
R8 =0x00007f8f55021da0, R9 =0x0000000000000001, R10=0x00352b5586bb515d, R11=0x0000000000000001
R12=0x0000000000000001, R13=0x00007f8f4c021cb0, R14=0x00007f8f4c00df30, R15=0x0000000000000032
RIP=0x00007f8f549c490e, EFLAGS=0x0000000000010206, CSGSFS=0x0000000000000033, ERR=0x0000000000000007
  TRAPNO=0x000000000000000e

Top of Stack: (sp=0x00007f8f3cefdc80)
0x00007f8f3cefdc80:   00007f8f4c00df30 0000000000000008
0x00007f8f3cefdc90:   00007f8f3cefdcc0 00007f8f54a5517d
0x00007f8f3cefdca0:   00007f8f3cefdcc0 0000000000000001
0x00007f8f3cefdcb0:   0000000000000002 0000000000000032
0x00007f8f3cefdcc0:   00007f8f3cefdd00 00007f8f54aa084d
0x00007f8f3cefdcd0:   0000000000000000 0000000000000032
0x00007f8f3cefdce0:   00007f8f4c0cc000 00007f8f4c0cd1e0
0x00007f8f3cefdcf0:   00007f8f4c0cc000 00007f8f3cefe700
0x00007f8f3cefdd00:   00007f8f3cefdd80 00007f8f54ad0427
0x00007f8f3cefdd10:   0000000000000000 00007f8f4c0cc000
0x00007f8f3cefdd20:   00007f8f4c0cd2d0 0000000000000000
0x00007f8f3cefdd30:   00007f8f3cefdd80 00007f8f54940726
0x00007f8f3cefdd40:   00007f8f4c0cd2f0 00007f8f4c0cc000
0x00007f8f3cefdd50:   00007f8f3cefdd80 0000000000000000
0x00007f8f3cefdd60:   00007f8f4c0cd2d0 00007f8f4c0cd1e0
0x00007f8f3cefdd70:   00007f8f4c0cc000 00007f8f3cefe700
0x00007f8f3cefdd80:   00007f8f3cefdf50 00007f8f54986338
0x00007f8f3cefdd90:   0000000000000000 0000000000000000
0x00007f8f3cefdda0:   0000000000000000 0000000000000000
0x00007f8f3cefddb0:   0000000000000000 0000000000000000
0x00007f8f3cefddc0:   0000000000000000 0000000000000000
0x00007f8f3cefddd0:   0000000000000000 0000000000000000
0x00007f8f3cefdde0:   0000000000000000 0000000000000000
0x00007f8f3cefddf0:   0000000000000000 0000000000000000
0x00007f8f3cefde00:   0000000000000000 0000000000000000
0x00007f8f3cefde10:   0000000000000000 0000000000000000
0x00007f8f3cefde20:   0000000000000000 0000000000000000
0x00007f8f3cefde30:   0000000000000000 0000000000000000
0x00007f8f3cefde40:   0000000000000000 0000000000000000
0x00007f8f3cefde50:   0000000000000000 0000000000000000
0x00007f8f3cefde60:   0000000000000000 0000000000000000
0x00007f8f3cefde70:   0000000000000000 0000000000000000 

Instructions: (pc=0x00007f8f549c490e)
0x00007f8f549c48ee:   90 90 55 48 89 f8 48 89 e5 53 48 83 ec 08 48 8b
0x00007f8f549c48fe:   7f 38 48 85 ff 74 0c 48 8b 58 28 48 8b 07 ff 10
0x00007f8f549c490e:   48 89 03 48 83 c4 08 5b c9 c3 0f 1f 84 00 00 00
0x00007f8f549c491e:   00 00 55 31 c0 48 85 f6 48 89 e5 74 0e 48 8b 76 

Register to memory mapping:

RAX=0x0000000008f47ce8 is an unknown value
RBX=0x00007f8f55c43420 is an unknown value
RCX=0x0000000000000000 is an unknown value
RDX=0x0000000000000032 is an unknown value
RSP=0x00007f8f3cefdc80 is an unknown value
RBP=0x00007f8f3cefdc90 is an unknown value
RSI=0x0000000000000005 is an unknown value
RDI=0x00007f8f4c01fab0 is an unknown value
R8 =0x00007f8f55021da0: <offset 0xfc5da0> in /usr/java/jdk1.8.0_144/jre/lib/amd64/server/libjvm.so at 0x00007f8f5405c000
R9 =0x0000000000000001 is an unknown value
R10=0x00352b5586bb515d is an unknown value
R11=0x0000000000000001 is an unknown value
R12=0x0000000000000001 is an unknown value
R13=0x00007f8f4c021cb0 is an unknown value
R14=0x00007f8f4c00df30 is an unknown value
R15=0x0000000000000032 is an unknown value


Stack: [0x00007f8f3cdfe000,0x00007f8f3ceff000],  sp=0x00007f8f3cefdc80,  free space=1023k
Native frames: (J=compiled Java code, j=interpreted, Vv=VM code, C=native code)
V  [libjvm.so+0x96890e]  PerfLongVariant::sample()+0x1e
V  [libjvm.so+0x9f917d]  StatSamplerTask::task()+0x3d
V  [libjvm.so+0xa4484d]  PeriodicTask::real_time_tick(int)+0x8d
V  [libjvm.so+0xa74427]  WatcherThread::run()+0x47
V  [libjvm.so+0x92a338]  java_start(Thread*)+0x108


---------------  P R O C E S S  ---------------

Java Threads: ( => current thread )
  0x00007f8ee0001000 JavaThread "AsyncResolver-bootstrap-executor-0" daemon [_thread_blocked, id=5385, stack(0x00007f8ec6ef3000,0x00007f8ec6ff4000)]
  0x00007f8ed8001000 JavaThread "DiscoveryClient-HeartbeatExecutor-0" daemon [_thread_blocked, id=4644, stack(0x00007f8ec73f4000,0x00007f8ec74f5000)]
  0x00007f8ee4001000 JavaThread "DiscoveryClient-CacheRefreshExecutor-0" daemon [_thread_blocked, id=4643, stack(0x00007f8ec74f5000,0x00007f8ec75f6000)]
  0x00007f8f4c00e800 JavaThread "DestroyJavaVM" [_thread_blocked, id=4233, stack(0x00007f8f55b23000,0x00007f8f55c24000)]
  0x00007f8f4db2c000 JavaThread "http-nio-1111-AsyncTimeout" daemon [_thread_blocked, id=4496, stack(0x00007f8ec75f6000,0x00007f8ec76f7000)]
  0x00007f8f4db2a800 JavaThread "http-nio-1111-Acceptor-0" daemon [_thread_in_native, id=4495, stack(0x00007f8ec76f7000,0x00007f8ec77f8000)]
  0x00007f8f4db28000 JavaThread "http-nio-1111-ClientPoller-1" daemon [_thread_in_native, id=4494, stack(0x00007f8ec77f8000,0x00007f8ec78f9000)]
  0x00007f8f4db19800 JavaThread "http-nio-1111-ClientPoller-0" daemon [_thread_in_native, id=4493, stack(0x00007f8ec78f9000,0x00007f8ec79fa000)]
  0x00007f8f4db0a000 JavaThread "http-nio-1111-exec-10" daemon [_thread_blocked, id=4492, stack(0x00007f8ec79fa000,0x00007f8ec7afb000)]
  0x00007f8f4db08000 JavaThread "http-nio-1111-exec-9" daemon [_thread_blocked, id=4491, stack(0x00007f8ec7afb000,0x00007f8ec7bfc000)]
  0x00007f8f4db06000 JavaThread "http-nio-1111-exec-8" daemon [_thread_blocked, id=4490, stack(0x00007f8ec7bfc000,0x00007f8ec7cfd000)]
  0x00007f8f4db04000 JavaThread "http-nio-1111-exec-7" daemon [_thread_blocked, id=4489, stack(0x00007f8ec7cfd000,0x00007f8ec7dfe000)]
  0x00007f8f4db02000 JavaThread "http-nio-1111-exec-6" daemon [_thread_blocked, id=4488, stack(0x00007f8ec7dfe000,0x00007f8ec7eff000)]
  0x00007f8f4db00000 JavaThread "http-nio-1111-exec-5" daemon [_thread_blocked, id=4487, stack(0x00007f8ec7eff000,0x00007f8ec8000000)]
  0x00007f8f4dafe000 JavaThread "http-nio-1111-exec-4" daemon [_thread_blocked, id=4486, stack(0x00007f8f2c0e3000,0x00007f8f2c1e4000)]
  0x00007f8f4dafc800 JavaThread "http-nio-1111-exec-3" daemon [_thread_blocked, id=4485, stack(0x00007f8f2c1e4000,0x00007f8f2c2e5000)]
  0x00007f8f4dafa800 JavaThread "http-nio-1111-exec-2" daemon [_thread_blocked, id=4484, stack(0x00007f8f2c2e5000,0x00007f8f2c3e6000)]
  0x00007f8f4daf9000 JavaThread "http-nio-1111-exec-1" daemon [_thread_blocked, id=4483, stack(0x00007f8f2c3e6000,0x00007f8f2c4e7000)]
  0x00007f8f4daaf000 JavaThread "NioBlockingSelector.BlockPoller-1" daemon [_thread_in_native, id=4482, stack(0x00007f8f2c4e7000,0x00007f8f2c5e8000)]
  0x00007f8f4d96f800 JavaThread "DiscoveryClient-InstanceInfoReplicator-0" daemon [_thread_blocked, id=4481, stack(0x00007f8f2c5e8000,0x00007f8f2c6e9000)]
  0x00007f8f4d0fb800 JavaThread "DiscoveryClient-1" daemon [_thread_blocked, id=4480, stack(0x00007f8f2c6e9000,0x00007f8f2c7ea000)]
  0x00007f8f4d3bb000 JavaThread "DiscoveryClient-0" daemon [_thread_blocked, id=4479, stack(0x00007f8f2c7ea000,0x00007f8f2c8eb000)]
  0x00007f8f4d20c000 JavaThread "AsyncResolver-bootstrap-0" daemon [_thread_blocked, id=4477, stack(0x00007f8f2d4b1000,0x00007f8f2d5b2000)]
  0x00007f8f4d7e0000 JavaThread "Eureka-JerseyClient-Conn-Cleaner2" daemon [_thread_blocked, id=4476, stack(0x00007f8f2dbb2000,0x00007f8f2dcb3000)]
  0x00007f8f4d7df800 JavaThread "Eureka-JerseyClient-Conn-Cleaner2" daemon [_thread_blocked, id=4475, stack(0x00007f8f2f458000,0x00007f8f2f559000)]
  0x00007f8f4d76f800 JavaThread "spring.cloud.inetutils" daemon [_thread_blocked, id=4420, stack(0x00007f8f3c6bd000,0x00007f8f3c7be000)]
  0x00007f8f4ce10800 JavaThread "Tomcat JDBC Pool Cleaner[1943105171:1517404596206]" daemon [_thread_blocked, id=4316, stack(0x00007f8f2e6b3000,0x00007f8f2e7b4000)]
  0x00007f8f4ca5c800 JavaThread "container-0" [_thread_blocked, id=4312, stack(0x00007f8f2e7b4000,0x00007f8f2e8b5000)]
  0x00007f8f4cbe1000 JavaThread "ContainerBackgroundProcessor[StandardEngine[Tomcat]]" daemon [_thread_blocked, id=4311, stack(0x00007f8f2e8b5000,0x00007f8f2e9b6000)]
  0x00007f8f4c0c9800 JavaThread "Service Thread" daemon [_thread_blocked, id=4249, stack(0x00007f8f3ceff000,0x00007f8f3d000000)]
  0x00007f8f4c0c6800 JavaThread "C1 CompilerThread2" daemon [_thread_blocked, id=4248, stack(0x00007f8f50022000,0x00007f8f50123000)]
  0x00007f8f4c0c4800 JavaThread "C2 CompilerThread1" daemon [_thread_blocked, id=4247, stack(0x00007f8f50123000,0x00007f8f50224000)]
  0x00007f8f4c0c1800 JavaThread "C2 CompilerThread0" daemon [_thread_blocked, id=4246, stack(0x00007f8f50224000,0x00007f8f50325000)]
  0x00007f8f4c0c0000 JavaThread "Signal Dispatcher" daemon [_thread_blocked, id=4245, stack(0x00007f8f50325000,0x00007f8f50426000)]
  0x00007f8f4c089000 JavaThread "Finalizer" daemon [_thread_blocked, id=4244, stack(0x00007f8f5059a000,0x00007f8f5069b000)]
  0x00007f8f4c084800 JavaThread "Reference Handler" daemon [_thread_blocked, id=4243, stack(0x00007f8f5069b000,0x00007f8f5079c000)]

Other Threads:
  0x00007f8f4c07c800 VMThread [stack: 0x00007f8f5079c000,0x00007f8f5089d000] [id=4242]
=>0x00007f8f4c0cc000 WatcherThread [stack: 0x00007f8f3cdfe000,0x00007f8f3ceff000] [id=4250]

VM state:not at safepoint (normal execution)

VM Mutex/Monitor currently owned by a thread:  ([mutex/lock_event])
[0x00007f8f4c00df30] PeriodicTask_lock - owner thread: 0x00007f8f4c0cc000

Heap:
 PSYoungGen      total 334848K, used 146719K [0x00000000d7000000, 0x00000000ecb00000, 0x0000000100000000)
  eden space 318976K, 45% used [0x00000000d7000000,0x00000000dff47ce8,0x00000000ea780000)
  from space 15872K, 0% used [0x00000000ebb80000,0x00000000ebb80000,0x00000000ecb00000)
  to   space 17920K, 0% used [0x00000000ea800000,0x00000000ea800000,0x00000000eb980000)
 ParOldGen       total 138240K, used 43892K [0x0000000085000000, 0x000000008d700000, 0x00000000d7000000)
  object space 138240K, 31% used [0x0000000085000000,0x0000000087add168,0x000000008d700000)
 Metaspace       used 65738K, capacity 66398K, committed 66776K, reserved 1107968K
  class space    used 8456K, capacity 8623K, committed 8704K, reserved 1048576K

Card table byte_map: [0x00007f8f52d68000,0x00007f8f53141000] byte_map_base: 0x00007f8f52940000

Marking Bits: (ParMarkBitMap*) 0x00007f8f55025dc0
 Begin Bits: [0x00007f8f34280000, 0x00007f8f36140000)
 End Bits:   [0x00007f8f36140000, 0x00007f8f38000000)

Polling page: 0x00007f8f55c4b000

CodeCache: size=245760Kb used=18130Kb max_used=18481Kb free=227629Kb
 bounds [0x00007f8f3d000000, 0x00007f8f3e230000, 0x00007f8f4c000000]
 total_blobs=5962 nmethods=5418 adapters=457
 compilation: enabled

Compilation events (10 events):
Event: 972.292 Thread 0x00007f8f4c0c6800 6575       1       org.apache.http.message.BasicStatusLine::getProtocolVersion (5 bytes)
Event: 972.292 Thread 0x00007f8f4c0c6800 nmethod 6575 0x00007f8f3d2dc290 code [0x00007f8f3d2dc3e0, 0x00007f8f3d2dc4f0]
Event: 972.292 Thread 0x00007f8f4c0c6800 6576       1       com.fasterxml.jackson.databind.DeserializationConfig::getNodeFactory (5 bytes)
Event: 972.292 Thread 0x00007f8f4c0c6800 nmethod 6576 0x00007f8f3d2dbfd0 code [0x00007f8f3d2dc120, 0x00007f8f3d2dc230]
Event: 972.292 Thread 0x00007f8f4c0c6800 6577       1       org.apache.http.impl.conn.AbstractClientConnAdapter::isMarkedReusable (5 bytes)
Event: 972.292 Thread 0x00007f8f4c0c6800 nmethod 6577 0x00007f8f3d2dbd10 code [0x00007f8f3d2dbe60, 0x00007f8f3d2dbf70]
Event: 972.292 Thread 0x00007f8f4c0c6800 6578       1       com.sun.jersey.api.client.ClientResponse$Status::getStatusCode (5 bytes)
Event: 972.292 Thread 0x00007f8f4c0c6800 nmethod 6578 0x00007f8f3d2db9d0 code [0x00007f8f3d2dbb20, 0x00007f8f3d2dbc30]
Event: 982.151 Thread 0x00007f8f4c0c6800 6579       1       org.apache.catalina.core.ContainerBase::getBackgroundProcessorDelay (5 bytes)
Event: 982.151 Thread 0x00007f8f4c0c6800 nmethod 6579 0x00007f8f3d636a90 code [0x00007f8f3d636be0, 0x00007f8f3d636cf0]

GC Heap History (10 events):
Event: 25.811 GC heap before
{Heap before GC invocations=13 (full 2):
 PSYoungGen      total 209920K, used 194048K [0x00000000d7000000, 0x00000000e5200000, 0x0000000100000000)
  eden space 194048K, 100% used [0x00000000d7000000,0x00000000e2d80000,0x00000000e2d80000)
  from space 15872K, 0% used [0x00000000e3c80000,0x00000000e3c80000,0x00000000e4c00000)
  to   space 15360K, 0% used [0x00000000e2d80000,0x00000000e2d80000,0x00000000e3c80000)
 ParOldGen       total 91136K, used 20711K [0x0000000085000000, 0x000000008a900000, 0x00000000d7000000)
  object space 91136K, 22% used [0x0000000085000000,0x0000000086439fe0,0x000000008a900000)
 Metaspace       used 44831K, capacity 45234K, committed 45568K, reserved 1089536K
  class space    used 5707K, capacity 5838K, committed 5888K, reserved 1048576K
Event: 25.846 GC heap after
Heap after GC invocations=13 (full 2):
 PSYoungGen      total 209408K, used 11244K [0x00000000d7000000, 0x00000000e8a00000, 0x0000000100000000)
  eden space 194048K, 0% used [0x00000000d7000000,0x00000000d7000000,0x00000000e2d80000)
  from space 15360K, 73% used [0x00000000e2d80000,0x00000000e387b1e0,0x00000000e3c80000)
  to   space 15872K, 0% used [0x00000000e7a80000,0x00000000e7a80000,0x00000000e8a00000)
 ParOldGen       total 91136K, used 20711K [0x0000000085000000, 0x000000008a900000, 0x00000000d7000000)
  object space 91136K, 22% used [0x0000000085000000,0x0000000086439fe0,0x000000008a900000)
 Metaspace       used 44831K, capacity 45234K, committed 45568K, reserved 1089536K
  class space    used 5707K, capacity 5838K, committed 5888K, reserved 1048576K
}
Event: 30.356 GC heap before
{Heap before GC invocations=14 (full 2):
 PSYoungGen      total 209408K, used 205292K [0x00000000d7000000, 0x00000000e8a00000, 0x0000000100000000)
  eden space 194048K, 100% used [0x00000000d7000000,0x00000000e2d80000,0x00000000e2d80000)
  from space 15360K, 73% used [0x00000000e2d80000,0x00000000e387b1e0,0x00000000e3c80000)
  to   space 15872K, 0% used [0x00000000e7a80000,0x00000000e7a80000,0x00000000e8a00000)
 ParOldGen       total 91136K, used 20711K [0x0000000085000000, 0x000000008a900000, 0x00000000d7000000)
  object space 91136K, 22% used [0x0000000085000000,0x0000000086439fe0,0x000000008a900000)
 Metaspace       used 50677K, capacity 51066K, committed 51456K, reserved 1093632K
  class space    used 6524K, capacity 6618K, committed 6656K, reserved 1048576K
Event: 30.395 GC heap after
Heap after GC invocations=14 (full 2):
 PSYoungGen      total 262656K, used 9986K [0x00000000d7000000, 0x00000000e8500000, 0x0000000100000000)
  eden space 251904K, 0% used [0x00000000d7000000,0x00000000d7000000,0x00000000e6600000)
  from space 10752K, 92% used [0x00000000e7a80000,0x00000000e8440bb8,0x00000000e8500000)
  to   space 15872K, 0% used [0x00000000e6600000,0x00000000e6600000,0x00000000e7580000)
 ParOldGen       total 91136K, used 24086K [0x0000000085000000, 0x000000008a900000, 0x00000000d7000000)
  object space 91136K, 26% used [0x0000000085000000,0x0000000086785800,0x000000008a900000)
 Metaspace       used 50677K, capacity 51066K, committed 51456K, reserved 1093632K
  class space    used 6524K, capacity 6618K, committed 6656K, reserved 1048576K
}
Event: 35.483 GC heap before
{Heap before GC invocations=15 (full 2):
 PSYoungGen      total 262656K, used 261890K [0x00000000d7000000, 0x00000000e8500000, 0x0000000100000000)
  eden space 251904K, 100% used [0x00000000d7000000,0x00000000e6600000,0x00000000e6600000)
  from space 10752K, 92% used [0x00000000e7a80000,0x00000000e8440bb8,0x00000000e8500000)
  to   space 15872K, 0% used [0x00000000e6600000,0x00000000e6600000,0x00000000e7580000)
 ParOldGen       total 91136K, used 24086K [0x0000000085000000, 0x000000008a900000, 0x00000000d7000000)
  object space 91136K, 26% used [0x0000000085000000,0x0000000086785800,0x000000008a900000)
 Metaspace       used 53903K, capacity 54280K, committed 54784K, reserved 1097728K
  class space    used 6931K, capacity 7041K, committed 7168K, reserved 1048576K
Event: 35.556 GC heap after
Heap after GC invocations=15 (full 2):
 PSYoungGen      total 267776K, used 10021K [0x00000000d7000000, 0x00000000ecb00000, 0x0000000100000000)
  eden space 251904K, 0% used [0x00000000d7000000,0x00000000d7000000,0x00000000e6600000)
  from space 15872K, 63% used [0x00000000e6600000,0x00000000e6fc9540,0x00000000e7580000)
  to   space 15872K, 0% used [0x00000000ebb80000,0x00000000ebb80000,0x00000000ecb00000)
 ParOldGen       total 91136K, used 29062K [0x0000000085000000, 0x000000008a900000, 0x00000000d7000000)
  object space 91136K, 31% used [0x0000000085000000,0x0000000086c61840,0x000000008a900000)
 Metaspace       used 53903K, capacity 54280K, committed 54784K, reserved 1097728K
  class space    used 6931K, capacity 7041K, committed 7168K, reserved 1048576K
}
Event: 39.827 GC heap before
{Heap before GC invocations=16 (full 2):
 PSYoungGen      total 267776K, used 226509K [0x00000000d7000000, 0x00000000ecb00000, 0x0000000100000000)
  eden space 251904K, 85% used [0x00000000d7000000,0x00000000e436a2a8,0x00000000e6600000)
  from space 15872K, 63% used [0x00000000e6600000,0x00000000e6fc9540,0x00000000e7580000)
  to   space 15872K, 0% used [0x00000000ebb80000,0x00000000ebb80000,0x00000000ecb00000)
 ParOldGen       total 91136K, used 29062K [0x0000000085000000, 0x000000008a900000, 0x00000000d7000000)
  object space 91136K, 31% used [0x0000000085000000,0x0000000086c61840,0x000000008a900000)
 Metaspace       used 58244K, capacity 58856K, committed 59096K, reserved 1101824K
  class space    used 7459K, capacity 7642K, committed 7680K, reserved 1048576K
Event: 39.875 GC heap after
Heap after GC invocations=16 (full 2):
 PSYoungGen      total 334848K, used 15864K [0x00000000d7000000, 0x00000000ecb00000, 0x0000000100000000)
  eden space 318976K, 0% used [0x00000000d7000000,0x00000000d7000000,0x00000000ea780000)
  from space 15872K, 99% used [0x00000000ebb80000,0x00000000ecafe3e8,0x00000000ecb00000)
  to   space 17920K, 0% used [0x00000000ea800000,0x00000000ea800000,0x00000000eb980000)
 ParOldGen       total 91136K, used 29451K [0x0000000085000000, 0x000000008a900000, 0x00000000d7000000)
  object space 91136K, 32% used [0x0000000085000000,0x0000000086cc2ec8,0x000000008a900000)
 Metaspace       used 58244K, capacity 58856K, committed 59096K, reserved 1101824K
  class space    used 7459K, capacity 7642K, committed 7680K, reserved 1048576K
}
Event: 39.875 GC heap before
{Heap before GC invocations=17 (full 3):
 PSYoungGen      total 334848K, used 15864K [0x00000000d7000000, 0x00000000ecb00000, 0x0000000100000000)
  eden space 318976K, 0% used [0x00000000d7000000,0x00000000d7000000,0x00000000ea780000)
  from space 15872K, 99% used [0x00000000ebb80000,0x00000000ecafe3e8,0x00000000ecb00000)
  to   space 17920K, 0% used [0x00000000ea800000,0x00000000ea800000,0x00000000eb980000)
 ParOldGen       total 91136K, used 29451K [0x0000000085000000, 0x000000008a900000, 0x00000000d7000000)
  object space 91136K, 32% used [0x0000000085000000,0x0000000086cc2ec8,0x000000008a900000)
 Metaspace       used 58244K, capacity 58856K, committed 59096K, reserved 1101824K
  class space    used 7459K, capacity 7642K, committed 7680K, reserved 1048576K
Event: 40.547 GC heap after
Heap after GC invocations=17 (full 3):
 PSYoungGen      total 334848K, used 0K [0x00000000d7000000, 0x00000000ecb00000, 0x0000000100000000)
  eden space 318976K, 0% used [0x00000000d7000000,0x00000000d7000000,0x00000000ea780000)
  from space 15872K, 0% used [0x00000000ebb80000,0x00000000ebb80000,0x00000000ecb00000)
  to   space 17920K, 0% used [0x00000000ea800000,0x00000000ea800000,0x00000000eb980000)
 ParOldGen       total 138240K, used 43892K [0x0000000085000000, 0x000000008d700000, 0x00000000d7000000)
  object space 138240K, 31% used [0x0000000085000000,0x0000000087add168,0x000000008d700000)
 Metaspace       used 58244K, capacity 58856K, committed 59096K, reserved 1101824K
  class space    used 7459K, capacity 7642K, committed 7680K, reserved 1048576K
}

Deoptimization events (10 events):
Event: 82.740 Thread 0x00007f8f4daf9000 Uncommon trap: reason=bimorphic action=maybe_recompile pc=0x00007f8f3e1ab98c method=java.util.Hashtable.get(Ljava/lang/Object;)Ljava/lang/Object; @ 45
Event: 82.745 Thread 0x00007f8f4daf9000 Uncommon trap: reason=bimorphic action=maybe_recompile pc=0x00007f8f3e1ab98c method=java.util.Hashtable.get(Ljava/lang/Object;)Ljava/lang/Object; @ 45
Event: 82.746 Thread 0x00007f8f4daf9000 Uncommon trap: reason=unstable_if action=reinterpret pc=0x00007f8f3d148aa0 method=java.lang.CharacterData.of(I)Ljava/lang/CharacterData; @ 4
Event: 82.758 Thread 0x00007f8f4daf9000 Uncommon trap: reason=unstable_if action=reinterpret pc=0x00007f8f3d22f140 method=java.lang.ClassLoader.getClassLoadingLock(Ljava/lang/String;)Ljava/lang/Object; @ 6
Event: 82.888 Thread 0x00007f8f4daf9000 Uncommon trap: reason=unstable_if action=reinterpret pc=0x00007f8f3d672e60 method=java.lang.String.indexOf([CII[CIII)I @ 27
Event: 82.888 Thread 0x00007f8f4daf9000 Uncommon trap: reason=unstable_if action=reinterpret pc=0x00007f8f3d30be6c method=java.lang.String.indexOf([CII[CIII)I @ 27
Event: 83.091 Thread 0x00007f8f4daf9000 Uncommon trap: reason=class_check action=maybe_recompile pc=0x00007f8f3db36648 method=org.springframework.core.ResolvableType.getRawClass()Ljava/lang/Class; @ 22
Event: 83.127 Thread 0x00007f8f4daf9000 Uncommon trap: reason=unstable_if action=reinterpret pc=0x00007f8f3dcfc3e4 method=sun.reflect.annotation.AnnotationInvocationHandler.equalsImpl(Ljava/lang/Object;)Ljava/lang/Boolean; @ 142
Event: 114.928 Thread 0x00007f8f4dafa800 Uncommon trap: reason=class_check action=maybe_recompile pc=0x00007f8f3db36648 method=org.springframework.core.ResolvableType.getRawClass()Ljava/lang/Class; @ 22
Event: 299.825 Thread 0x00007f8f4dafc800 Uncommon trap: reason=class_check action=maybe_recompile pc=0x00007f8f3db36648 method=org.springframework.core.ResolvableType.getRawClass()Ljava/lang/Class; @ 22

Internal exceptions (10 events):
Event: 702.240 Thread 0x00007f8ee4001000 Exception <a 'java/net/SocketTimeoutException': Read timed out> (0x00000000dc26aeb0) thrown at [/HUDSON3/workspace/8-2-build-linux-amd64/jdk8u144/9417/hotspot/src/share/vm/prims/jni.cpp, line 735]
Event: 732.246 Thread 0x00007f8ee4001000 Exception <a 'java/net/SocketTimeoutException': Read timed out> (0x00000000dc273f90) thrown at [/HUDSON3/workspace/8-2-build-linux-amd64/jdk8u144/9417/hotspot/src/share/vm/prims/jni.cpp, line 735]
Event: 762.251 Thread 0x00007f8ee4001000 Exception <a 'java/net/SocketTimeoutException': Read timed out> (0x00000000dc27d070) thrown at [/HUDSON3/workspace/8-2-build-linux-amd64/jdk8u144/9417/hotspot/src/share/vm/prims/jni.cpp, line 735]
Event: 792.255 Thread 0x00007f8ee4001000 Exception <a 'java/net/SocketTimeoutException': Read timed out> (0x00000000dc286150) thrown at [/HUDSON3/workspace/8-2-build-linux-amd64/jdk8u144/9417/hotspot/src/share/vm/prims/jni.cpp, line 735]
Event: 822.261 Thread 0x00007f8ee4001000 Exception <a 'java/net/SocketTimeoutException': Read timed out> (0x00000000dc28f230) thrown at [/HUDSON3/workspace/8-2-build-linux-amd64/jdk8u144/9417/hotspot/src/share/vm/prims/jni.cpp, line 735]
Event: 852.266 Thread 0x00007f8ee4001000 Exception <a 'java/net/SocketTimeoutException': Read timed out> (0x00000000dc298310) thrown at [/HUDSON3/workspace/8-2-build-linux-amd64/jdk8u144/9417/hotspot/src/share/vm/prims/jni.cpp, line 735]
Event: 882.271 Thread 0x00007f8ee4001000 Exception <a 'java/net/SocketTimeoutException': Read timed out> (0x00000000dc2a13f0) thrown at [/HUDSON3/workspace/8-2-build-linux-amd64/jdk8u144/9417/hotspot/src/share/vm/prims/jni.cpp, line 735]
Event: 912.276 Thread 0x00007f8ee4001000 Exception <a 'java/net/SocketTimeoutException': Read timed out> (0x00000000dc2aa4d0) thrown at [/HUDSON3/workspace/8-2-build-linux-amd64/jdk8u144/9417/hotspot/src/share/vm/prims/jni.cpp, line 735]
Event: 942.283 Thread 0x00007f8ee4001000 Exception <a 'java/net/SocketTimeoutException': Read timed out> (0x00000000dc2b35b0) thrown at [/HUDSON3/workspace/8-2-build-linux-amd64/jdk8u144/9417/hotspot/src/share/vm/prims/jni.cpp, line 735]
Event: 972.288 Thread 0x00007f8ee4001000 Exception <a 'java/net/SocketTimeoutException': Read timed out> (0x00000000dc2bc690) thrown at [/HUDSON3/workspace/8-2-build-linux-amd64/jdk8u144/9417/hotspot/src/share/vm/prims/jni.cpp, line 735]

Events (10 events):
Event: 882.274 Thread 0x00007f8f4c0c6800 flushing nmethod 0x00007f8f3ddde990
Event: 882.274 Thread 0x00007f8f4c0c6800 flushing nmethod 0x00007f8f3de47710
Event: 892.194 Thread 0x00007f8f4c0c4800 flushing nmethod 0x00007f8f3e1ab310
Event: 892.194 Thread 0x00007f8f4c0c4800 flushing nmethod 0x00007f8f3e1b2890
Event: 912.275 Executing VM operation: RevokeBias
Event: 912.275 Executing VM operation: RevokeBias done
Event: 942.282 Executing VM operation: RevokeBias
Event: 942.282 Executing VM operation: RevokeBias done
Event: 972.287 Executing VM operation: RevokeBias
Event: 972.287 Executing VM operation: RevokeBias done


Dynamic libraries:
00400000-00401000 r-xp 00000000 00:26 214889                             /usr/java/jdk1.8.0_144/bin/java
00600000-00601000 rw-p 00000000 00:26 214889                             /usr/java/jdk1.8.0_144/bin/java
0098c000-009ad000 rw-p 00000000 00:00 0                                  [heap]
85000000-8d700000 rw-p 00000000 00:00 0 
8d700000-d7000000 ---p 00000000 00:00 0 
d7000000-ecb00000 rw-p 00000000 00:00 0 
ecb00000-100000000 ---p 00000000 00:00 0 
100000000-100880000 rw-p 00000000 00:00 0 
100880000-140000000 ---p 00000000 00:00 0 
7f8eb8000000-7f8eb8021000 rw-p 00000000 00:00 0 
7f8eb8021000-7f8ebc000000 ---p 00000000 00:00 0 
7f8ebc000000-7f8ebc021000 rw-p 00000000 00:00 0 
7f8ebc021000-7f8ec0000000 ---p 00000000 00:00 0 
7f8ec0000000-7f8ec0021000 rw-p 00000000 00:00 0 
7f8ec0021000-7f8ec4000000 ---p 00000000 00:00 0 
7f8ec6ef3000-7f8ec6ef6000 ---p 00000000 00:00 0 
7f8ec6ef6000-7f8ec70b4000 rw-p 00000000 00:00 0 
7f8ec70b4000-7f8ec71f4000 ---p 00000000 00:00 0 
7f8ec71f4000-7f8ec73f4000 rw-p 00000000 00:00 0 
7f8ec73f4000-7f8ec73f7000 ---p 00000000 00:00 0 
7f8ec73f7000-7f8ec74f5000 rw-p 00000000 00:00 0 
7f8ec74f5000-7f8ec74f8000 ---p 00000000 00:00 0 
7f8ec74f8000-7f8ec75f6000 rw-p 00000000 00:00 0 
7f8ec75f6000-7f8ec75f9000 ---p 00000000 00:00 0 
7f8ec75f9000-7f8ec76f7000 rw-p 00000000 00:00 0 
7f8ec76f7000-7f8ec76fa000 ---p 00000000 00:00 0 
7f8ec76fa000-7f8ec77f8000 rw-p 00000000 00:00 0 
7f8ec77f8000-7f8ec77fb000 ---p 00000000 00:00 0 
7f8ec77fb000-7f8ec78f9000 rw-p 00000000 00:00 0 
7f8ec78f9000-7f8ec78fc000 ---p 00000000 00:00 0 
7f8ec78fc000-7f8ec79fa000 rw-p 00000000 00:00 0 
7f8ec79fa000-7f8ec79fd000 ---p 00000000 00:00 0 
7f8ec79fd000-7f8ec7afb000 rw-p 00000000 00:00 0 
7f8ec7afb000-7f8ec7afe000 ---p 00000000 00:00 0 
7f8ec7afe000-7f8ec7bfc000 rw-p 00000000 00:00 0 
7f8ec7bfc000-7f8ec7bff000 ---p 00000000 00:00 0 
7f8ec7bff000-7f8ec7cfd000 rw-p 00000000 00:00 0 
7f8ec7cfd000-7f8ec7d00000 ---p 00000000 00:00 0 
7f8ec7d00000-7f8ec7dfe000 rw-p 00000000 00:00 0 
7f8ec7dfe000-7f8ec7e01000 ---p 00000000 00:00 0 
7f8ec7e01000-7f8ec7eff000 rw-p 00000000 00:00 0 
7f8ec7eff000-7f8ec7f02000 ---p 00000000 00:00 0 
7f8ec7f02000-7f8ec8000000 rw-p 00000000 00:00 0 
7f8ec8000000-7f8ec8021000 rw-p 00000000 00:00 0 
7f8ec8021000-7f8ecc000000 ---p 00000000 00:00 0 
7f8ecc000000-7f8ecc021000 rw-p 00000000 00:00 0 
7f8ecc021000-7f8ed0000000 ---p 00000000 00:00 0 
7f8ed0000000-7f8ed0290000 rw-p 00000000 00:00 0 
7f8ed0290000-7f8ed4000000 ---p 00000000 00:00 0 
7f8ed4000000-7f8ed4428000 rw-p 00000000 00:00 0 
7f8ed4428000-7f8ed8000000 ---p 00000000 00:00 0 
7f8ed8000000-7f8ed8021000 rw-p 00000000 00:00 0 
7f8ed8021000-7f8edc000000 ---p 00000000 00:00 0 
7f8edc000000-7f8edc03a000 rw-p 00000000 00:00 0 
7f8edc03a000-7f8ee0000000 ---p 00000000 00:00 0 
7f8ee0000000-7f8ee0021000 rw-p 00000000 00:00 0 
7f8ee0021000-7f8ee4000000 ---p 00000000 00:00 0 
7f8ee4000000-7f8ee4021000 rw-p 00000000 00:00 0 
7f8ee4021000-7f8ee8000000 ---p 00000000 00:00 0 
7f8ee8000000-7f8ee8021000 rw-p 00000000 00:00 0 
7f8ee8021000-7f8eec000000 ---p 00000000 00:00 0 
7f8eec000000-7f8eec021000 rw-p 00000000 00:00 0 
7f8eec021000-7f8ef0000000 ---p 00000000 00:00 0 
7f8ef0000000-7f8ef0021000 rw-p 00000000 00:00 0 
7f8ef0021000-7f8ef4000000 ---p 00000000 00:00 0 
7f8ef4000000-7f8ef4021000 rw-p 00000000 00:00 0 
7f8ef4021000-7f8ef8000000 ---p 00000000 00:00 0 
7f8ef8000000-7f8ef82a3000 rw-p 00000000 00:00 0 
7f8ef82a3000-7f8efc000000 ---p 00000000 00:00 0 
7f8efc000000-7f8efc07a000 rw-p 00000000 00:00 0 
7f8efc07a000-7f8f00000000 ---p 00000000 00:00 0 
7f8f00000000-7f8f00021000 rw-p 00000000 00:00 0 
7f8f00021000-7f8f04000000 ---p 00000000 00:00 0 
7f8f04000000-7f8f0428d000 rw-p 00000000 00:00 0 
7f8f0428d000-7f8f08000000 ---p 00000000 00:00 0 
7f8f08000000-7f8f0b41d000 rw-p 00000000 00:00 0 
7f8f0b41d000-7f8f0c000000 ---p 00000000 00:00 0 
7f8f0c000000-7f8f0d3e5000 rw-p 00000000 00:00 0 
7f8f0d3e5000-7f8f10000000 ---p 00000000 00:00 0 
7f8f10000000-7f8f10021000 rw-p 00000000 00:00 0 
7f8f10021000-7f8f14000000 ---p 00000000 00:00 0 
7f8f14000000-7f8f172d5000 rw-p 00000000 00:00 0 
7f8f172d5000-7f8f18000000 ---p 00000000 00:00 0 
7f8f18000000-7f8f18021000 rw-p 00000000 00:00 0 
7f8f18021000-7f8f1c000000 ---p 00000000 00:00 0 
7f8f1c000000-7f8f1c021000 rw-p 00000000 00:00 0 
7f8f1c021000-7f8f20000000 ---p 00000000 00:00 0 
7f8f20000000-7f8f20021000 rw-p 00000000 00:00 0 
7f8f20021000-7f8f24000000 ---p 00000000 00:00 0 
7f8f24000000-7f8f24053000 rw-p 00000000 00:00 0 
7f8f24053000-7f8f28000000 ---p 00000000 00:00 0 
7f8f28000000-7f8f28021000 rw-p 00000000 00:00 0 
7f8f28021000-7f8f2c000000 ---p 00000000 00:00 0 
7f8f2c0e3000-7f8f2c0e6000 ---p 00000000 00:00 0 
7f8f2c0e6000-7f8f2c1e4000 rw-p 00000000 00:00 0 
7f8f2c1e4000-7f8f2c1e7000 ---p 00000000 00:00 0 
7f8f2c1e7000-7f8f2c2e5000 rw-p 00000000 00:00 0 
7f8f2c2e5000-7f8f2c2e8000 ---p 00000000 00:00 0 
7f8f2c2e8000-7f8f2c3e6000 rw-p 00000000 00:00 0 
7f8f2c3e6000-7f8f2c3e9000 ---p 00000000 00:00 0 
7f8f2c3e9000-7f8f2c4e7000 rw-p 00000000 00:00 0 
7f8f2c4e7000-7f8f2c4ea000 ---p 00000000 00:00 0 
7f8f2c4ea000-7f8f2c5e8000 rw-p 00000000 00:00 0 
7f8f2c5e8000-7f8f2c5eb000 ---p 00000000 00:00 0 
7f8f2c5eb000-7f8f2c6e9000 rw-p 00000000 00:00 0 
7f8f2c6e9000-7f8f2c6ec000 ---p 00000000 00:00 0 
7f8f2c6ec000-7f8f2c7ea000 rw-p 00000000 00:00 0 
7f8f2c7ea000-7f8f2c7ed000 ---p 00000000 00:00 0 
7f8f2c7ed000-7f8f2c8eb000 rw-p 00000000 00:00 0 
7f8f2c8eb000-7f8f2c901000 r-xp 00000000 00:26 353710                     /lib64/libgcc_s.so.1
7f8f2c901000-7f8f2cb00000 ---p 00016000 00:26 353710                     /lib64/libgcc_s.so.1
7f8f2cb00000-7f8f2cb01000 r--p 00015000 00:26 353710                     /lib64/libgcc_s.so.1
7f8f2cb01000-7f8f2cb02000 rw-p 00016000 00:26 353710                     /lib64/libgcc_s.so.1
7f8f2cb02000-7f8f2cb34000 r-xp 00000000 00:26 215073                     /usr/java/jdk1.8.0_144/jre/lib/amd64/libsunec.so
7f8f2cb34000-7f8f2cd33000 ---p 00032000 00:26 215073                     /usr/java/jdk1.8.0_144/jre/lib/amd64/libsunec.so
7f8f2cd33000-7f8f2cd39000 rw-p 00031000 00:26 215073                     /usr/java/jdk1.8.0_144/jre/lib/amd64/libsunec.so
7f8f2cd39000-7f8f2cd49000 rw-p 00000000 00:00 0 
7f8f2ce00000-7f8f2d000000 rw-p 00000000 00:00 0 
7f8f2d000000-7f8f2d1f6000 rw-p 00000000 00:00 0 
7f8f2d1f6000-7f8f2d200000 ---p 00000000 00:00 0 
7f8f2d200000-7f8f2d400000 rw-p 00000000 00:00 0 
7f8f2d4b1000-7f8f2d4b4000 ---p 00000000 00:00 0 
7f8f2d4b4000-7f8f2d7b2000 rw-p 00000000 00:00 0 
7f8f2d7b2000-7f8f2d9b2000 rw-p 00000000 00:00 0 
7f8f2d9b2000-7f8f2dbb2000 rw-p 00000000 00:00 0 
7f8f2dbb2000-7f8f2dbb5000 ---p 00000000 00:00 0 
7f8f2dbb5000-7f8f2deb3000 rw-p 00000000 00:00 0 
7f8f2deb3000-7f8f2e0b3000 rw-p 00000000 00:00 0 
7f8f2e0b3000-7f8f2e2b3000 rw-p 00000000 00:00 0 
7f8f2e2b3000-7f8f2e4b3000 rw-p 00000000 00:00 0 
7f8f2e4b3000-7f8f2e6b3000 rw-p 00000000 00:00 0 
7f8f2e6b3000-7f8f2e6b6000 ---p 00000000 00:00 0 
7f8f2e6b6000-7f8f2e7b4000 rw-p 00000000 00:00 0 
7f8f2e7b4000-7f8f2e7b7000 ---p 00000000 00:00 0 
7f8f2e7b7000-7f8f2e8b5000 rw-p 00000000 00:00 0 
7f8f2e8b5000-7f8f2e8b8000 ---p 00000000 00:00 0 
7f8f2e8b8000-7f8f2ebb6000 rw-p 00000000 00:00 0 
7f8f2ebb6000-7f8f2edb6000 rw-p 00000000 00:00 0 
7f8f2ee58000-7f8f2f058000 rw-p 00000000 00:00 0 
7f8f2f058000-7f8f2f258000 rw-p 00000000 00:00 0 
7f8f2f258000-7f8f2f458000 rw-p 00000000 00:00 0 
7f8f2f458000-7f8f2f45b000 ---p 00000000 00:00 0 
7f8f2f45b000-7f8f2f759000 rw-p 00000000 00:00 0 
7f8f2f759000-7f8f2f959000 rw-p 00000000 00:00 0 
7f8f2f959000-7f8f2fb59000 rw-p 00000000 00:00 0 
7f8f2fb59000-7f8f2fbef000 r--s 007c1000 00:26 215208                     /usr/java/jdk1.8.0_144/jre/lib/ext/jfxrt.jar
7f8f2fbef000-7f8f2fc00000 r-xp 00000000 00:26 215063                     /usr/java/jdk1.8.0_144/jre/lib/amd64/libnio.so
7f8f2fc00000-7f8f2fdff000 ---p 00011000 00:26 215063                     /usr/java/jdk1.8.0_144/jre/lib/amd64/libnio.so
7f8f2fdff000-7f8f2fe00000 rw-p 00010000 00:26 215063                     /usr/java/jdk1.8.0_144/jre/lib/amd64/libnio.so
7f8f2fe00000-7f8f30000000 rw-p 00000000 00:00 0 
7f8f30000000-7f8f30021000 rw-p 00000000 00:00 0 
7f8f30021000-7f8f34000000 ---p 00000000 00:00 0 
7f8f34080000-7f8f38000000 rw-p 00000000 00:00 0 
7f8f38000000-7f8f38026000 rw-p 00000000 00:00 0 
7f8f38026000-7f8f3c000000 ---p 00000000 00:00 0 
7f8f3c02d000-7f8f3c02e000 rw-p 00000000 00:00 0 
7f8f3c02e000-7f8f3c030000 r--s 00009000 00:26 215212                     /usr/java/jdk1.8.0_144/jre/lib/ext/sunec.jar
7f8f3c030000-7f8f3c033000 r--s 0001a000 00:26 215257                     /usr/java/jdk1.8.0_144/jre/lib/jce.jar
7f8f3c033000-7f8f3c038000 r--s 002f8000 00:26 216712                     /usr/java/jdk1.8.0_144/jre/lib/charsets.jar
7f8f3c038000-7f8f3c03c000 r--s 0009a000 00:26 216711                     /usr/java/jdk1.8.0_144/jre/lib/jsse.jar
7f8f3c03c000-7f8f3c047000 r--s 0021a000 00:26 216713                     /usr/java/jdk1.8.0_144/jre/lib/ext/localedata.jar
7f8f3c047000-7f8f3c06a000 r--s 0038e000 00:26 215205                     /usr/java/jdk1.8.0_144/jre/lib/ext/cldrdata.jar
7f8f3c06a000-7f8f3c07f000 r--s 000ff000 00:26 215327                     /usr/java/jdk1.8.0_144/jre/lib/resources.jar
7f8f3c07f000-7f8f3c27f000 rw-p 00000000 00:00 0 
7f8f3c27f000-7f8f3c47f000 rw-p 00000000 00:00 0 
7f8f3c47f000-7f8f3c488000 r-xp 00000000 00:26 215060                     /usr/java/jdk1.8.0_144/jre/lib/amd64/libmanagement.so
7f8f3c488000-7f8f3c687000 ---p 00009000 00:26 215060                     /usr/java/jdk1.8.0_144/jre/lib/amd64/libmanagement.so
7f8f3c687000-7f8f3c688000 rw-p 00008000 00:26 215060                     /usr/java/jdk1.8.0_144/jre/lib/amd64/libmanagement.so
7f8f3c688000-7f8f3c6bd000 r--s 00000000 00:13 23572                      /run/nscd/dbzmmjcr (deleted)
7f8f3c6bd000-7f8f3c6c0000 ---p 00000000 00:00 0 
7f8f3c6c0000-7f8f3c7be000 rw-p 00000000 00:00 0 
7f8f3c7be000-7f8f3c7d4000 r-xp 00000000 00:26 215062                     /usr/java/jdk1.8.0_144/jre/lib/amd64/libnet.so
7f8f3c7d4000-7f8f3c9d4000 ---p 00016000 00:26 215062                     /usr/java/jdk1.8.0_144/jre/lib/amd64/libnet.so
7f8f3c9d4000-7f8f3c9d5000 rw-p 00016000 00:26 215062                     /usr/java/jdk1.8.0_144/jre/lib/amd64/libnet.so
7f8f3c9d5000-7f8f3c9d8000 r--s 0000c000 00:26 399129                     /root/.m2/repository/org/springframework/spring-aspects/4.3.13.RELEASE/spring-aspects-4.3.13.RELEASE.jar
7f8f3c9d8000-7f8f3c9e0000 r--s 0003a000 00:26 399121                     /root/.m2/repository/org/springframework/spring-tx/4.3.13.RELEASE/spring-tx-4.3.13.RELEASE.jar
7f8f3c9e0000-7f8f3c9ea000 r--s 0006b000 00:26 399119                     /root/.m2/repository/org/springframework/spring-orm/4.3.13.RELEASE/spring-orm-4.3.13.RELEASE.jar
7f8f3c9ea000-7f8f3c9fd000 r--s 000ad000 00:26 399117                     /root/.m2/repository/org/springframework/data/spring-data-commons/1.13.9.RELEASE/spring-data-commons-1.13.9.RELEASE.jar
7f8f3c9fd000-7f8f3ca04000 r--s 00041000 00:26 399115                     /root/.m2/repository/org/springframework/data/spring-data-jpa/1.11.9.RELEASE/spring-data-jpa-1.11.9.RELEASE.jar
7f8f3ca04000-7f8f3ca06000 r--s 00006000 00:26 226671                     /root/.m2/repository/javax/transaction/javax.transaction-api/1.2/javax.transaction-api-1.2.jar
7f8f3ca06000-7f8f3ca13000 r--s 00089000 00:26 399113                     /root/.m2/repository/org/hibernate/hibernate-entitymanager/5.0.12.Final/hibernate-entitymanager-5.0.12.Final.jar
7f8f3ca13000-7f8f3ca16000 r--s 00010000 00:26 399111                     /root/.m2/repository/org/hibernate/common/hibernate-commons-annotations/5.0.1.Final/hibernate-commons-annotations-5.0.1.Final.jar
7f8f3ca16000-7f8f3ca1b000 r--s 00048000 00:26 399109                     /root/.m2/repository/dom4j/dom4j/1.6.1/dom4j-1.6.1.jar
7f8f3ca1b000-7f8f3ca1e000 r--s 0002b000 00:26 399107                     /root/.m2/repository/org/jboss/jandex/2.0.0.Final/jandex-2.0.0.Final.jar
7f8f3ca1e000-7f8f3ca23000 r--s 00068000 00:26 399105                     /root/.m2/repository/antlr/antlr/2.7.7/antlr-2.7.7.jar
7f8f3ca23000-7f8f3ca2d000 r--s 000aa000 00:26 399103                     /root/.m2/repository/org/javassist/javassist/3.21.0-GA/javassist-3.21.0-GA.jar
7f8f3ca2d000-7f8f3ca32000 r--s 00017000 00:26 399101                     /root/.m2/repository/org/hibernate/javax/persistence/hibernate-jpa-2.1-api/1.0.0.Final/hibernate-jpa-2.1-api-1.0.0.Final.jar
7f8f3ca32000-7f8f3ca9b000 r--s 004f3000 00:26 399097                     /root/.m2/repository/org/hibernate/hibernate-core/5.0.12.Final/hibernate-core-5.0.12.Final.jar
7f8f3ca9b000-7f8f3caa5000 r--s 0005f000 00:26 399095                     /root/.m2/repository/org/springframework/spring-jdbc/4.3.13.RELEASE/spring-jdbc-4.3.13.RELEASE.jar
7f8f3caa5000-7f8f3caa6000 r--s 0000b000 00:26 399093                     /root/.m2/repository/org/apache/tomcat/tomcat-juli/8.5.23/tomcat-juli-8.5.23.jar
7f8f3caa6000-7f8f3caa9000 r--s 00021000 00:26 399091                     /root/.m2/repository/org/apache/tomcat/tomcat-jdbc/8.5.23/tomcat-jdbc-8.5.23.jar
7f8f3caa9000-7f8f3caaa000 r--s 00000000 00:26 399089                     /root/.m2/repository/org/springframework/boot/spring-boot-starter-jdbc/1.5.9.RELEASE/spring-boot-starter-jdbc-1.5.9.RELEASE.jar
7f8f3caaa000-7f8f3cac3000 r--s 001bf000 00:26 399087                     /root/.m2/repository/org/aspectj/aspectjweaver/1.8.13/aspectjweaver-1.8.13.jar
7f8f3cac3000-7f8f3cac4000 r--s 00000000 00:26 399083                     /root/.m2/repository/org/springframework/boot/spring-boot-starter-aop/1.5.9.RELEASE/spring-boot-starter-aop-1.5.9.RELEASE.jar
7f8f3cac4000-7f8f3cac5000 r--s 00000000 00:26 399081                     /root/.m2/repository/org/springframework/boot/spring-boot-starter-data-jpa/1.5.9.RELEASE/spring-boot-starter-data-jpa-1.5.9.RELEASE.jar
7f8f3cac5000-7f8f3cadc000 r--s 000fc000 00:26 399197                     /root/.m2/repository/org/springframework/spring-core/4.3.13.RELEASE/spring-core-4.3.13.RELEASE.jar
7f8f3cadc000-7f8f3caeb000 r--s 001ae000 00:26 399169                     /root/.m2/repository/com/h2database/h2/1.4.196/h2-1.4.196.jar
7f8f3caeb000-7f8f3caf0000 r--s 0003c000 00:26 399167                     /root/.m2/repository/org/springframework/spring-expression/4.3.13.RELEASE/spring-expression-4.3.13.RELEASE.jar
7f8f3caf0000-7f8f3cb02000 r--s 000cf000 00:26 399165                     /root/.m2/repository/org/springframework/spring-webmvc/4.3.13.RELEASE/spring-webmvc-4.3.13.RELEASE.jar
7f8f3cb02000-7f8f3cb10000 r--s 000ad000 00:26 399123                     /root/.m2/repository/org/springframework/spring-beans/4.3.13.RELEASE/spring-beans-4.3.13.RELEASE.jar
7f8f3cb10000-7f8f3cb19000 r--s 00054000 00:26 399085                     /root/.m2/repository/org/springframework/spring-aop/4.3.13.RELEASE/spring-aop-4.3.13.RELEASE.jar
7f8f3cb19000-7f8f3cb2b000 r--s 000b8000 00:26 399163                     /root/.m2/repository/org/springframework/spring-web/4.3.13.RELEASE/spring-web-4.3.13.RELEASE.jar
7f8f3cb2b000-7f8f3cb2d000 r--s 0000e000 00:26 399161                     /root/.m2/repository/com/fasterxml/classmate/1.3.4/classmate-1.3.4.jar
7f8f3cb2d000-7f8f3cb30000 r--s 0000e000 00:26 399099                     /root/.m2/repository/org/jboss/logging/jboss-logging/3.3.1.Final/jboss-logging-3.3.1.Final.jar
7f8f3cb30000-7f8f3cb34000 r--s 0000c000 00:26 399159                     /root/.m2/repository/javax/validation/validation-api/1.1.0.Final/validation-api-1.1.0.Final.jar
7f8f3cb34000-7f8f3cb45000 r--s 000a1000 00:26 399157                     /root/.m2/repository/org/hibernate/hibernate-validator/5.3.6.Final/hibernate-validator-5.3.6.Final.jar
7f8f3cb45000-7f8f3cb4a000 r--s 00038000 00:26 399155                     /root/.m2/repository/org/apache/tomcat/embed/tomcat-embed-websocket/8.5.23/tomcat-embed-websocket-8.5.23.jar
7f8f3cb4a000-7f8f3cb4e000 r--s 00037000 00:26 399153                     /root/.m2/repository/org/apache/tomcat/embed/tomcat-embed-el/8.5.23/tomcat-embed-el-8.5.23.jar
7f8f3cb4e000-7f8f3cb50000 r--s 00003000 00:26 399151                     /root/.m2/repository/org/apache/tomcat/tomcat-annotations-api/8.5.23/tomcat-annotations-api-8.5.23.jar
7f8f3cb50000-7f8f3cb79000 r--s 002c7000 00:26 399149                     /root/.m2/repository/org/apache/tomcat/embed/tomcat-embed-core/8.5.23/tomcat-embed-core-8.5.23.jar
7f8f3cb79000-7f8f3cb7a000 r--s 00000000 00:26 399147                     /root/.m2/repository/org/springframework/boot/spring-boot-starter-tomcat/1.5.9.RELEASE/spring-boot-starter-tomcat-1.5.9.RELEASE.jar
7f8f3cb7a000-7f8f3cb7b000 r--s 00000000 00:26 399145                     /root/.m2/repository/org/springframework/boot/spring-boot-starter-web/1.5.9.RELEASE/spring-boot-starter-web-1.5.9.RELEASE.jar
7f8f3cb7b000-7f8f3cb7d000 r--s 00003000 00:26 399127                     /root/.m2/repository/org/slf4j/jcl-over-slf4j/1.7.25/jcl-over-slf4j-1.7.25.jar
7f8f3cb7d000-7f8f3cb7f000 r--s 00009000 00:26 399125                     /root/.m2/repository/org/slf4j/slf4j-api/1.7.25/slf4j-api-1.7.25.jar
7f8f3cb7f000-7f8f3cb81000 r--s 00002000 00:26 399143                     /root/.m2/repository/org/atteo/evo-inflector/1.2.2/evo-inflector-1.2.2.jar
7f8f3cb81000-7f8f3cb82000 r--s 00004000 00:26 399141                     /root/.m2/repository/org/springframework/plugin/spring-plugin-core/1.2.0.RELEASE/spring-plugin-core-1.2.0.RELEASE.jar
7f8f3cb82000-7f8f3cb87000 r--s 0002d000 00:26 399139                     /root/.m2/repository/org/springframework/hateoas/spring-hateoas/0.23.0.RELEASE/spring-hateoas-0.23.0.RELEASE.jar
7f8f3cb87000-7f8f3cb8c000 r--s 0001b000 00:26 399137                     /root/.m2/repository/org/springframework/data/spring-data-rest-core/2.6.9.RELEASE/spring-data-rest-core-2.6.9.RELEASE.jar
7f8f3cb8c000-7f8f3cb93000 r--s 00048000 00:26 399135                     /root/.m2/repository/org/springframework/data/spring-data-rest-webmvc/2.6.9.RELEASE/spring-data-rest-webmvc-2.6.9.RELEASE.jar
7f8f3cb93000-7f8f3cb96000 r--s 0000b000 00:26 399133                     /root/.m2/repository/com/fasterxml/jackson/core/jackson-annotations/2.8.0/jackson-annotations-2.8.0.jar
7f8f3cb96000-7f8f3cb97000 r--s 00000000 00:26 399131                     /root/.m2/repository/org/springframework/boot/spring-boot-starter-data-rest/1.5.9.RELEASE/spring-boot-starter-data-rest-1.5.9.RELEASE.jar
7f8f3cb97000-7f8f3cb98000 r--s 00001000 00:26 399027                     /root/.m2/repository/com/netflix/netflix-commons/netflix-commons-util/0.1.1/netflix-commons-util-0.1.1.jar
7f8f3cb98000-7f8f3cb9c000 r--s 0002a000 00:26 376792                     /root/.m2/repository/commons-io/commons-io/2.4/commons-io-2.4.jar
7f8f3cb9c000-7f8f3cb9e000 r--s 00013000 00:26 408857                     /root/.m2/repository/com/netflix/zuul/zuul-core/1.3.0/zuul-core-1.3.0.jar
7f8f3cb9e000-7f8f3cb9f000 r--s 00000000 00:26 408843                     /root/.m2/repository/org/springframework/cloud/spring-cloud-starter-netflix-zuul/1.4.0.RELEASE/spring-cloud-starter-netflix-zuul-1.4.0.RELEASE.jar
7f8f3cb9f000-7f8f3cba0000 r--s 00000000 00:26 408841                     /root/.m2/repository/org/springframework/cloud/spring-cloud-starter-zuul/1.4.0.RELEASE/spring-cloud-starter-zuul-1.4.0.RELEASE.jar
7f8f3cba0000-7f8f3cba2000 r--s 0000c000 00:26 408855                     /root/.m2/repository/org/ow2/asm/asm/5.0.4/asm-5.0.4.jar
7f8f3cba2000-7f8f3cba8000 r--s 00048000 00:26 222420                     /root/.m2/repository/org/apache/commons/commons-lang3/3.1/commons-lang3-3.1.jar
7f8f3cba8000-7f8f3cbae000 r--s 00026000 00:26 408853                     /root/.m2/repository/com/netflix/hystrix/hystrix-javanica/1.5.12/hystrix-javanica-1.5.12.jar
7f8f3cbae000-7f8f3cbb1000 r--s 00021000 00:26 408851                     /root/.m2/repository/com/fasterxml/jackson/module/jackson-module-afterburner/2.8.10/jackson-module-afterburner-2.8.10.jar
7f8f3cbb1000-7f8f3cbb3000 r--s 00007000 00:26 408849                     /root/.m2/repository/com/netflix/hystrix/hystrix-serialization/1.5.12/hystrix-serialization-1.5.12.jar
7f8f3cbb3000-7f8f3cbb5000 r--s 0000c000 00:26 408847                     /root/.m2/repository/com/netflix/hystrix/hystrix-metrics-event-stream/1.5.12/hystrix-metrics-event-stream-1.5.12.jar
7f8f3cbb5000-7f8f3cbb7000 r--s 0001a000 00:26 399005                     /root/.m2/repository/org/hdrhistogram/HdrHistogram/2.1.9/HdrHistogram-2.1.9.jar
7f8f3cbb7000-7f8f3cbc3000 r--s 00068000 00:26 399003                     /root/.m2/repository/com/netflix/hystrix/hystrix-core/1.5.12/hystrix-core-1.5.12.jar
7f8f3cbc3000-7f8f3cbc4000 r--s 00000000 00:26 408845                     /root/.m2/repository/org/springframework/cloud/spring-cloud-starter-netflix-hystrix/1.4.0.RELEASE/spring-cloud-starter-netflix-hystrix-1.4.0.RELEASE.jar
7f8f3cbc4000-7f8f3cbc5000 r--s 00000000 00:26 438910                     /root/.m2/repository/org/springframework/cloud/spring-cloud-starter-hystrix/1.4.0.RELEASE/spring-cloud-starter-hystrix-1.4.0.RELEASE.jar
7f8f3cbc5000-7f8f3cbc6000 r--s 00003000 00:26 438908                     /root/.m2/repository/io/github/openfeign/feign-hystrix/9.5.0/feign-hystrix-9.5.0.jar
7f8f3cbc6000-7f8f3cbc7000 r--s 00000000 00:26 438906                     /root/.m2/repository/io/github/openfeign/feign-slf4j/9.5.0/feign-slf4j-9.5.0.jar
7f8f3cbc7000-7f8f3cbc8000 r--s 00000000 00:26 438904                     /root/.m2/repository/org/jvnet/animal-sniffer-annotation/1.0/animal-sniffer-annotation-1.0.jar
7f8f3cbc8000-7f8f3cbca000 r--s 00016000 00:26 438902                     /root/.m2/repository/io/github/openfeign/feign-core/9.5.0/feign-core-9.5.0.jar
7f8f3cbca000-7f8f3cbcb000 r--s 00000000 00:26 438900                     /root/.m2/repository/org/springframework/cloud/spring-cloud-starter-openfeign/1.4.0.RELEASE/spring-cloud-starter-openfeign-1.4.0.RELEASE.jar
7f8f3cbcb000-7f8f3cbcc000 r--s 00000000 00:26 438898                     /root/.m2/repository/org/springframework/cloud/spring-cloud-starter-feign/1.4.0.RELEASE/spring-cloud-starter-feign-1.4.0.RELEASE.jar
7f8f3cbcc000-7f8f3cbce000 r--s 00005000 00:26 289955                     /root/.m2/repository/xpp3/xpp3_min/1.1.4c/xpp3_min-1.1.4c.jar
7f8f3cbce000-7f8f3cbcf000 r--s 00001000 00:26 399039                     /root/.m2/repository/xmlpull/xmlpull/1.1.3.1/xmlpull-1.1.3.1.jar
7f8f3cbcf000-7f8f3cbdd000 r--s 00079000 00:26 399037                     /root/.m2/repository/com/thoughtworks/xstream/xstream/1.4.9/xstream-1.4.9.jar
7f8f3cbdd000-7f8f3cbdf000 r--s 00003000 00:26 399035                     /root/.m2/repository/com/netflix/ribbon/ribbon-eureka/2.2.4/ribbon-eureka-2.2.4.jar
7f8f3cbdf000-7f8f3cbf7000 r--s 000fc000 00:26 399033                     /root/.m2/repository/io/reactivex/rxjava/1.2.0/rxjava-1.2.0.jar
7f8f3cbf7000-7f8f3cbf9000 r--s 00002000 00:26 399031                     /root/.m2/repository/com/netflix/netflix-commons/netflix-statistics/0.1.1/netflix-statistics-0.1.1.jar
7f8f3cbf9000-7f8f3cbfd000 r--s 00024000 00:26 399029                     /root/.m2/repository/com/netflix/ribbon/ribbon-loadbalancer/2.2.4/ribbon-loadbalancer-2.2.4.jar
7f8f3cbfd000-7f8f3cc0a000 r--s 00083000 00:26 255055                     /root/.m2/repository/commons-collections/commons-collections/3.2.2/commons-collections-3.2.2.jar
7f8f3cc0a000-7f8f3cc0c000 r--s 0000c000 00:26 399025                     /root/.m2/repository/com/netflix/ribbon/ribbon-httpclient/2.2.4/ribbon-httpclient-2.2.4.jar
7f8f3cc0c000-7f8f3cc10000 r--s 00011000 00:26 399023                     /root/.m2/repository/com/netflix/ribbon/ribbon-core/2.2.4/ribbon-core-2.2.4.jar
7f8f3cc10000-7f8f3cc17000 r--s 00047000 00:26 399021                     /root/.m2/repository/io/netty/netty-transport/4.0.27.Final/netty-transport-4.0.27.Final.jar
7f8f3cc17000-7f8f3cc19000 r--s 00027000 00:26 399019                     /root/.m2/repository/io/netty/netty-buffer/4.0.27.Final/netty-buffer-4.0.27.Final.jar
7f8f3cc19000-7f8f3cc20000 r--s 00060000 00:26 399017                     /root/.m2/repository/io/netty/netty-common/4.0.27.Final/netty-common-4.0.27.Final.jar
7f8f3cc20000-7f8f3cc22000 r--s 00016000 00:26 399015                     /root/.m2/repository/io/netty/netty-transport-native-epoll/4.0.27.Final/netty-transport-native-epoll-4.0.27.Final.jar
7f8f3cc22000-7f8f3cc27000 r--s 00036000 00:26 399013                     /root/.m2/repository/io/netty/netty-handler/4.0.27.Final/netty-handler-4.0.27.Final.jar
7f8f3cc27000-7f8f3cc2b000 r--s 00020000 00:26 399011                     /root/.m2/repository/io/netty/netty-codec/4.0.27.Final/netty-codec-4.0.27.Final.jar
7f8f3cc2b000-7f8f3cc33000 r--s 00061000 00:26 399009                     /root/.m2/repository/io/netty/netty-codec-http/4.0.27.Final/netty-codec-http-4.0.27.Final.jar
7f8f3cc33000-7f8f3cc3d000 r--s 00059000 00:26 399007                     /root/.m2/repository/io/reactivex/rxnetty/0.4.9/rxnetty-0.4.9.jar
7f8f3cc3d000-7f8f3cc3f000 r--s 00006000 00:26 399001                     /root/.m2/repository/io/reactivex/rxnetty-servo/0.4.9/rxnetty-servo-0.4.9.jar
7f8f3cc3f000-7f8f3cc42000 r--s 0000b000 00:26 398999                     /root/.m2/repository/io/reactivex/rxnetty-contexts/0.4.9/rxnetty-contexts-0.4.9.jar
7f8f3cc42000-7f8f3cc43000 r--s 00009000 00:26 398997                     /root/.m2/repository/com/netflix/ribbon/ribbon-transport/2.2.4/ribbon-transport-2.2.4.jar
7f8f3cc43000-7f8f3cc47000 r--s 00012000 00:26 398995                     /root/.m2/repository/com/netflix/ribbon/ribbon/2.2.4/ribbon-2.2.4.jar
7f8f3cc47000-7f8f3cc48000 r--s 00000000 00:26 398993                     /root/.m2/repository/org/springframework/cloud/spring-cloud-starter-netflix-ribbon/1.4.0.RELEASE/spring-cloud-starter-netflix-ribbon-1.4.0.RELEASE.jar
7f8f3cc48000-7f8f3cc73000 r--s 001fc000 00:26 398991                     /root/.m2/repository/com/google/guava/guava/18.0/guava-18.0.jar
7f8f3cc73000-7f8f3cc78000 r--s 00041000 00:26 255050                     /root/.m2/repository/commons-lang/commons-lang/2.6/commons-lang-2.6.jar
7f8f3cc78000-7f8f3cc7f000 r--s 00050000 00:26 398989                     /root/.m2/repository/commons-configuration/commons-configuration/1.8/commons-configuration-1.8.jar
7f8f3cc7f000-7f8f3cc80000 r--s 00000000 00:26 398987                     /root/.m2/repository/org/springframework/cloud/spring-cloud-starter-netflix-archaius/1.4.0.RELEASE/spring-cloud-starter-netflix-archaius-1.4.0.RELEASE.jar
7f8f3cc80000-7f8f3cc84000 r--s 00024000 00:26 398985                     /root/.m2/repository/org/codehaus/woodstox/stax2-api/3.1.4/stax2-api-3.1.4.jar
7f8f3cc84000-7f8f3cc86000 r--s 00004000 00:26 398983                     /root/.m2/repository/javax/xml/stream/stax-api/1.0-2/stax-api-1.0-2.jar
7f8f3cc86000-7f8f3cc8c000 r--s 00071000 00:26 398981                     /root/.m2/repository/org/codehaus/woodstox/woodstox-core-asl/4.4.1/woodstox-core-asl-4.4.1.jar
7f8f3cc8c000-7f8f3cc91000 r--s 00039000 00:26 398979                     /root/.m2/repository/com/netflix/eureka/eureka-core/1.7.0/eureka-core-1.7.0.jar
7f8f3cc91000-7f8f3cc93000 r--s 00000000 00:26 376816                     /root/.m2/repository/aopalliance/aopalliance/1.0/aopalliance-1.0.jar
7f8f3cc93000-7f8f3cc94000 r--s 00000000 00:26 227092                     /root/.m2/repository/javax/inject/javax.inject/1/javax.inject-1.jar
7f8f3cc94000-7f8f3cca2000 r--s 00097000 00:26 398977                     /root/.m2/repository/com/google/inject/guice/4.1.0/guice-4.1.0.jar
7f8f3cca2000-7f8f3cca4000 r--s 00003000 00:26 398975                     /root/.m2/repository/com/sun/jersey/contribs/jersey-apache-client4/1.19.1/jersey-apache-client4-1.19.1.jar
7f8f3cca4000-7f8f3cca7000 r--s 0001e000 00:26 398973                     /root/.m2/repository/com/sun/jersey/jersey-client/1.19.1/jersey-client-1.19.1.jar
7f8f3cca7000-7f8f3ccb1000 r--s 00061000 00:26 398971                     /root/.m2/repository/com/sun/jersey/jersey-core/1.19.1/jersey-core-1.19.1.jar
7f8f3ccb1000-7f8f3ccb5000 r--s 00027000 00:26 398969                     /root/.m2/repository/com/netflix/servo/servo-internal/0.10.1/servo-internal-0.10.1.jar
7f8f3ccb5000-7f8f3ccba000 r--s 00032000 00:26 398967                     /root/.m2/repository/com/netflix/servo/servo-core/0.10.1/servo-core-0.10.1.jar
7f8f3ccba000-7f8f3ccbc000 r--s 0000a000 00:26 398965                     /root/.m2/repository/javax/ws/rs/jsr311-api/1.1.1/jsr311-api-1.1.1.jar
7f8f3ccbc000-7f8f3ccc0000 r--s 0001e000 00:26 398963                     /root/.m2/repository/com/netflix/archaius/archaius-core/0.7.4/archaius-core-0.7.4.jar
7f8f3ccc0000-7f8f3ccd3000 r--s 000df000 00:26 398961                     /root/.m2/repository/org/apache/commons/commons-math/2.2/commons-math-2.2.jar
7f8f3ccd3000-7f8f3ccd8000 r--s 00034000 00:26 398959                     /root/.m2/repository/com/google/code/gson/gson/2.8.2/gson-2.8.2.jar
7f8f3ccd8000-7f8f3ccdb000 r--s 00022000 00:26 398957                     /root/.m2/repository/org/antlr/stringtemplate/3.2.1/stringtemplate-3.2.1.jar
7f8f3ccdb000-7f8f3ccdf000 r--s 00025000 00:26 398955                     /root/.m2/repository/org/antlr/antlr-runtime/3.4/antlr-runtime-3.4.jar
7f8f3ccdf000-7f8f3ccf0000 r--s 0008a000 00:26 398953                     /root/.m2/repository/joda-time/joda-time/2.9.9/joda-time-2.9.9.jar
7f8f3ccf0000-7f8f3ccf6000 r--s 00044000 00:26 398951                     /root/.m2/repository/commons-jxpath/commons-jxpath/1.3/commons-jxpath-1.3.jar
7f8f3ccf6000-7f8f3ccf9000 r--s 00016000 00:26 398949                     /root/.m2/repository/com/netflix/netflix-commons/netflix-infix/0.3.0/netflix-infix-0.3.0.jar
7f8f3ccf9000-7f8f3ccfb000 r--s 0000f000 00:26 398947                     /root/.m2/repository/com/netflix/netflix-commons/netflix-eventbus/0.3.0/netflix-eventbus-0.3.0.jar
7f8f3ccfb000-7f8f3ccfd000 r--s 00005000 00:26 398945                     /root/.m2/repository/stax/stax-api/1.0.1/stax-api-1.0.1.jar
7f8f3ccfd000-7f8f3cd00000 r--s 00012000 00:26 398943                     /root/.m2/repository/org/codehaus/jettison/jettison/1.3.7/jettison-1.3.7.jar
7f8f3cd00000-7f8f3cd09000 r--s 0005b000 00:26 398941                     /root/.m2/repository/com/netflix/eureka/eureka-client/1.7.0/eureka-client-1.7.0.jar
7f8f3cd09000-7f8f3cd0c000 r--s 00014000 00:26 398939                     /root/.m2/repository/org/springframework/cloud/spring-cloud-netflix-eureka-client/1.4.0.RELEASE/spring-cloud-netflix-eureka-client-1.4.0.RELEASE.jar
7f8f3cd0c000-7f8f3cd16000 r--s 0005c000 00:26 398937                     /root/.m2/repository/org/springframework/cloud/spring-cloud-netflix-core/1.4.0.RELEASE/spring-cloud-netflix-core-1.4.0.RELEASE.jar
7f8f3cd16000-7f8f3cd17000 r--s 00000000 00:26 398935                     /root/.m2/repository/org/springframework/cloud/spring-cloud-starter-netflix-eureka-client/1.4.0.RELEASE/spring-cloud-starter-netflix-eureka-client-1.4.0.RELEASE.jar
7f8f3cd17000-7f8f3cd18000 r--s 00000000 00:26 398933                     /root/.m2/repository/org/springframework/cloud/spring-cloud-starter-eureka/1.4.0.RELEASE/spring-cloud-starter-eureka-1.4.0.RELEASE.jar
7f8f3cd18000-7f8f3cd1c000 r--s 00042000 00:26 398931                     /root/.m2/repository/com/fasterxml/jackson/core/jackson-core/2.8.10/jackson-core-2.8.10.jar
7f8f3cd1c000-7f8f3cd2e000 r--s 0011e000 00:26 398929                     /root/.m2/repository/com/fasterxml/jackson/core/jackson-databind/2.8.10/jackson-databind-2.8.10.jar
7f8f3cd2e000-7f8f3cd30000 r--s 00007000 00:26 398927                     /root/.m2/repository/org/springframework/cloud/spring-cloud-config-client/1.4.0.RELEASE/spring-cloud-config-client-1.4.0.RELEASE.jar
7f8f3cd30000-7f8f3cd7a000 r--s 002f4000 00:26 398925                     /root/.m2/repository/org/bouncycastle/bcprov-jdk15on/1.55/bcprov-jdk15on-1.55.jar
7f8f3cd7a000-7f8f3cd8b000 r--s 00096000 00:26 398923                     /root/.m2/repository/org/bouncycastle/bcpkix-jdk15on/1.55/bcpkix-jdk15on-1.55.jar
7f8f3cd8b000-7f8f3cd8c000 r--s 00004000 00:26 398921                     /root/.m2/repository/org/springframework/security/spring-security-rsa/1.0.3.RELEASE/spring-security-rsa-1.0.3.RELEASE.jar
7f8f3cd8c000-7f8f3cd93000 r--s 0003f000 00:26 398919                     /root/.m2/repository/commons-codec/commons-codec/1.10/commons-codec-1.10.jar
7f8f3cd93000-7f8f3cd9a000 r--s 00049000 00:26 398917                     /root/.m2/repository/org/apache/httpcomponents/httpcore/4.4.8/httpcore-4.4.8.jar
7f8f3cd9a000-7f8f3cda7000 r--s 000aa000 00:26 398915                     /root/.m2/repository/org/apache/httpcomponents/httpclient/4.5.3/httpclient-4.5.3.jar
7f8f3cda7000-7f8f3cdac000 r--s 0001a000 00:26 398913                     /root/.m2/repository/org/springframework/cloud/spring-cloud-commons/1.3.0.RELEASE/spring-cloud-commons-1.3.0.RELEASE.jar
7f8f3cdac000-7f8f3cdaf000 r--s 00015000 00:26 398909                     /root/.m2/repository/org/springframework/cloud/spring-cloud-context/1.3.0.RELEASE/spring-cloud-context-1.3.0.RELEASE.jar
7f8f3cdaf000-7f8f3cdc8000 r--s 000fe000 00:26 398903                     /root/.m2/repository/org/springframework/spring-context/4.3.13.RELEASE/spring-context-4.3.13.RELEASE.jar
7f8f3cdc8000-7f8f3cdd8000 r--s 00079000 00:26 398901                     /root/.m2/repository/org/springframework/boot/spring-boot-actuator/1.5.9.RELEASE/spring-boot-actuator-1.5.9.RELEASE.jar
7f8f3cdd8000-7f8f3cdde000 r--s 0003d000 00:26 398899                     /root/.m2/repository/org/yaml/snakeyaml/1.17/snakeyaml-1.17.jar
7f8f3cdde000-7f8f3cdfe000 r--s 000e6000 00:26 398887                     /root/.m2/repository/org/springframework/boot/spring-boot-autoconfigure/1.5.9.RELEASE/spring-boot-autoconfigure-1.5.9.RELEASE.jar
7f8f3cdfe000-7f8f3cdff000 ---p 00000000 00:00 0 
7f8f3cdff000-7f8f3ceff000 rw-p 00000000 00:00 0 
7f8f3ceff000-7f8f3cf02000 ---p 00000000 00:00 0 
7f8f3cf02000-7f8f3d000000 rw-p 00000000 00:00 0 
7f8f3d000000-7f8f3e230000 rwxp 00000000 00:00 0 
7f8f3e230000-7f8f4c000000 ---p 00000000 00:00 0 
7f8f4c000000-7f8f4db3e000 rw-p 00000000 00:00 0 
7f8f4db3e000-7f8f50000000 ---p 00000000 00:00 0 
7f8f50000000-7f8f5000b000 r--s 0006a000 00:26 398893                     /root/.m2/repository/ch/qos/logback/logback-core/1.1.11/logback-core-1.1.11.jar
7f8f5000b000-7f8f50012000 r--s 00045000 00:26 398891                     /root/.m2/repository/ch/qos/logback/logback-classic/1.1.11/logback-classic-1.1.11.jar
7f8f50012000-7f8f50022000 r--s 00095000 00:26 398885                     /root/.m2/repository/org/springframework/boot/spring-boot/1.5.9.RELEASE/spring-boot-1.5.9.RELEASE.jar
7f8f50022000-7f8f50025000 ---p 00000000 00:00 0 
7f8f50025000-7f8f50123000 rw-p 00000000 00:00 0 
7f8f50123000-7f8f50126000 ---p 00000000 00:00 0 
7f8f50126000-7f8f50224000 rw-p 00000000 00:00 0 
7f8f50224000-7f8f50227000 ---p 00000000 00:00 0 
7f8f50227000-7f8f50325000 rw-p 00000000 00:00 0 
7f8f50325000-7f8f50328000 ---p 00000000 00:00 0 
7f8f50328000-7f8f50426000 rw-p 00000000 00:00 0 
7f8f50426000-7f8f5046a000 r--p 00000000 00:26 68254                      /usr/lib/locale/en_US.utf8/LC_CTYPE
7f8f5046a000-7f8f5059a000 r--p 00000000 00:26 68260                      /usr/lib/locale/en_US.utf8/LC_COLLATE
7f8f5059a000-7f8f5059d000 ---p 00000000 00:00 0 
7f8f5059d000-7f8f5069b000 rw-p 00000000 00:00 0 
7f8f5069b000-7f8f5069e000 ---p 00000000 00:00 0 
7f8f5069e000-7f8f5079c000 rw-p 00000000 00:00 0 
7f8f5079c000-7f8f5079d000 ---p 00000000 00:00 0 
7f8f5079d000-7f8f51851000 rw-p 00000000 00:00 0 
7f8f51851000-7f8f51a2b000 r--s 03d05000 00:26 216710                     /usr/java/jdk1.8.0_144/jre/lib/rt.jar
7f8f51a2b000-7f8f526d4000 rw-p 00000000 00:00 0 
7f8f526d4000-7f8f526d5000 ---p 00000000 00:00 0 
7f8f526d5000-7f8f527d5000 rw-p 00000000 00:00 0 
7f8f527d5000-7f8f527d6000 ---p 00000000 00:00 0 
7f8f527d6000-7f8f528d6000 rw-p 00000000 00:00 0 
7f8f528d6000-7f8f528d7000 ---p 00000000 00:00 0 
7f8f528d7000-7f8f529d7000 rw-p 00000000 00:00 0 
7f8f529d7000-7f8f529d8000 ---p 00000000 00:00 0 
7f8f529d8000-7f8f52b1c000 rw-p 00000000 00:00 0 
7f8f52b1c000-7f8f52d68000 ---p 00000000 00:00 0 
7f8f52d68000-7f8f52dac000 rw-p 00000000 00:00 0 
7f8f52dac000-7f8f52ff8000 ---p 00000000 00:00 0 
7f8f52ff8000-7f8f530a6000 rw-p 00000000 00:00 0 
7f8f530a6000-7f8f53140000 ---p 00000000 00:00 0 
7f8f53140000-7f8f5318a000 rw-p 00000000 00:00 0 
7f8f5318a000-7f8f53501000 ---p 00000000 00:00 0 
7f8f53501000-7f8f5351b000 r-xp 00000000 00:26 215077                     /usr/java/jdk1.8.0_144/jre/lib/amd64/libzip.so
7f8f5351b000-7f8f5371b000 ---p 0001a000 00:26 215077                     /usr/java/jdk1.8.0_144/jre/lib/amd64/libzip.so
7f8f5371b000-7f8f5371c000 rw-p 0001a000 00:26 215077                     /usr/java/jdk1.8.0_144/jre/lib/amd64/libzip.so
7f8f5371c000-7f8f53747000 r-xp 00000000 00:26 215041                     /usr/java/jdk1.8.0_144/jre/lib/amd64/libjava.so
7f8f53747000-7f8f53946000 ---p 0002b000 00:26 215041                     /usr/java/jdk1.8.0_144/jre/lib/amd64/libjava.so
7f8f53946000-7f8f53948000 rw-p 0002a000 00:26 215041                     /usr/java/jdk1.8.0_144/jre/lib/amd64/libjava.so
7f8f53948000-7f8f53955000 r-xp 00000000 00:26 215076                     /usr/java/jdk1.8.0_144/jre/lib/amd64/libverify.so
7f8f53955000-7f8f53b55000 ---p 0000d000 00:26 215076                     /usr/java/jdk1.8.0_144/jre/lib/amd64/libverify.so
7f8f53b55000-7f8f53b57000 rw-p 0000d000 00:26 215076                     /usr/java/jdk1.8.0_144/jre/lib/amd64/libverify.so
7f8f53b57000-7f8f53b5e000 r-xp 00000000 00:26 21656                      /lib64/librt-2.22.so
7f8f53b5e000-7f8f53d5d000 ---p 00007000 00:26 21656                      /lib64/librt-2.22.so
7f8f53d5d000-7f8f53d5e000 r--p 00006000 00:26 21656                      /lib64/librt-2.22.so
7f8f53d5e000-7f8f53d5f000 rw-p 00007000 00:26 21656                      /lib64/librt-2.22.so
7f8f53d5f000-7f8f53e5b000 r-xp 00000000 00:26 21630                      /lib64/libm-2.22.so
7f8f53e5b000-7f8f5405a000 ---p 000fc000 00:26 21630                      /lib64/libm-2.22.so
7f8f5405a000-7f8f5405b000 r--p 000fb000 00:26 21630                      /lib64/libm-2.22.so
7f8f5405b000-7f8f5405c000 rw-p 000fc000 00:26 21630                      /lib64/libm-2.22.so
7f8f5405c000-7f8f54d2f000 r-xp 00000000 00:26 215081                     /usr/java/jdk1.8.0_144/jre/lib/amd64/server/libjvm.so
7f8f54d2f000-7f8f54f2e000 ---p 00cd3000 00:26 215081                     /usr/java/jdk1.8.0_144/jre/lib/amd64/server/libjvm.so
7f8f54f2e000-7f8f55008000 rw-p 00cd2000 00:26 215081                     /usr/java/jdk1.8.0_144/jre/lib/amd64/server/libjvm.so
7f8f55008000-7f8f55053000 rw-p 00000000 00:00 0 
7f8f55053000-7f8f551ec000 r-xp 00000000 00:26 21622                      /lib64/libc-2.22.so
7f8f551ec000-7f8f553ec000 ---p 00199000 00:26 21622                      /lib64/libc-2.22.so
7f8f553ec000-7f8f553f0000 r--p 00199000 00:26 21622                      /lib64/libc-2.22.so
7f8f553f0000-7f8f553f2000 rw-p 0019d000 00:26 21622                      /lib64/libc-2.22.so
7f8f553f2000-7f8f553f6000 rw-p 00000000 00:00 0 
7f8f553f6000-7f8f553f8000 r-xp 00000000 00:26 21628                      /lib64/libdl-2.22.so
7f8f553f8000-7f8f555f8000 ---p 00002000 00:26 21628                      /lib64/libdl-2.22.so
7f8f555f8000-7f8f555f9000 r--p 00002000 00:26 21628                      /lib64/libdl-2.22.so
7f8f555f9000-7f8f555fa000 rw-p 00003000 00:26 21628                      /lib64/libdl-2.22.so
7f8f555fa000-7f8f5560f000 r-xp 00000000 00:26 215348                     /usr/java/jdk1.8.0_144/lib/amd64/jli/libjli.so
7f8f5560f000-7f8f5580f000 ---p 00015000 00:26 215348                     /usr/java/jdk1.8.0_144/lib/amd64/jli/libjli.so
7f8f5580f000-7f8f55810000 rw-p 00015000 00:26 215348                     /usr/java/jdk1.8.0_144/lib/amd64/jli/libjli.so
7f8f55810000-7f8f55828000 r-xp 00000000 00:26 21652                      /lib64/libpthread-2.22.so
7f8f55828000-7f8f55a27000 ---p 00018000 00:26 21652                      /lib64/libpthread-2.22.so
7f8f55a27000-7f8f55a28000 r--p 00017000 00:26 21652                      /lib64/libpthread-2.22.so
7f8f55a28000-7f8f55a29000 rw-p 00018000 00:26 21652                      /lib64/libpthread-2.22.so
7f8f55a29000-7f8f55a2d000 rw-p 00000000 00:00 0 
7f8f55a2d000-7f8f55a4e000 r-xp 00000000 00:26 21614                      /lib64/ld-2.22.so
7f8f55a4e000-7f8f55a50000 r--s 0000c000 00:26 398911                     /root/.m2/repository/org/springframework/security/spring-security-crypto/4.2.3.RELEASE/spring-security-crypto-4.2.3.RELEASE.jar
7f8f55a50000-7f8f55aee000 rw-p 00000000 00:00 0 
7f8f55aee000-7f8f55b23000 r--s 00000000 00:13 23570                      /run/nscd/passwd
7f8f55b23000-7f8f55b26000 ---p 00000000 00:00 0 
7f8f55b26000-7f8f55c28000 rw-p 00000000 00:00 0 
7f8f55c28000-7f8f55c29000 r--s 00000000 00:26 398907                     /root/.m2/repository/org/springframework/cloud/spring-cloud-starter/1.3.0.RELEASE/spring-cloud-starter-1.3.0.RELEASE.jar
7f8f55c29000-7f8f55c2a000 r--s 00000000 00:26 398905                     /root/.m2/repository/org/springframework/cloud/spring-cloud-starter-config/1.4.0.RELEASE/spring-cloud-starter-config-1.4.0.RELEASE.jar
7f8f55c2a000-7f8f55c2c000 r--s 00004000 00:26 398897                     /root/.m2/repository/org/slf4j/log4j-over-slf4j/1.7.25/log4j-over-slf4j-1.7.25.jar
7f8f55c2c000-7f8f55c2e000 r--s 00000000 00:26 398895                     /root/.m2/repository/org/slf4j/jul-to-slf4j/1.7.25/jul-to-slf4j-1.7.25.jar
7f8f55c2e000-7f8f55c2f000 r--s 00000000 00:26 398889                     /root/.m2/repository/org/springframework/boot/spring-boot-starter-logging/1.5.9.RELEASE/spring-boot-starter-logging-1.5.9.RELEASE.jar
7f8f55c2f000-7f8f55c30000 r--s 00000000 00:26 398883                     /root/.m2/repository/org/springframework/boot/spring-boot-starter/1.5.9.RELEASE/spring-boot-starter-1.5.9.RELEASE.jar
7f8f55c30000-7f8f55c31000 r--s 00000000 00:26 398881                     /root/.m2/repository/org/springframework/boot/spring-boot-starter-actuator/1.5.9.RELEASE/spring-boot-starter-actuator-1.5.9.RELEASE.jar
7f8f55c31000-7f8f55c32000 r--p 00000000 00:26 68279                      /usr/lib/locale/en_US.utf8/LC_NUMERIC
7f8f55c32000-7f8f55c33000 r--p 00000000 00:26 65721                      /usr/lib/locale/en_US.utf8/LC_TIME
7f8f55c33000-7f8f55c34000 r--p 00000000 00:26 65720                      /usr/lib/locale/en_US.utf8/LC_MONETARY
7f8f55c34000-7f8f55c35000 r--p 00000000 00:26 68498                      /usr/lib/locale/en_US.utf8/LC_MESSAGES/SYS_LC_MESSAGES
7f8f55c35000-7f8f55c36000 r--p 00000000 00:26 68455                      /usr/lib/locale/en_US.utf8/LC_PAPER
7f8f55c36000-7f8f55c37000 r--p 00000000 00:26 68403                      /usr/lib/locale/en_US.utf8/LC_NAME
7f8f55c37000-7f8f55c38000 r--p 00000000 00:26 65717                      /usr/lib/locale/en_US.utf8/LC_ADDRESS
7f8f55c38000-7f8f55c39000 r--p 00000000 00:26 68499                      /usr/lib/locale/en_US.utf8/LC_TELEPHONE
7f8f55c39000-7f8f55c3a000 r--p 00000000 00:26 68497                      /usr/lib/locale/en_US.utf8/LC_MEASUREMENT
7f8f55c3a000-7f8f55c41000 r--s 00000000 00:26 68667                      /usr/lib64/gconv/gconv-modules.cache
7f8f55c41000-7f8f55c42000 r--p 00000000 00:26 65718                      /usr/lib/locale/en_US.utf8/LC_IDENTIFICATION
7f8f55c42000-7f8f55c4a000 rw-s 00000000 00:3a 100003                     /tmp/hsperfdata_root/4231
7f8f55c4a000-7f8f55c4b000 rw-p 00000000 00:00 0 
7f8f55c4b000-7f8f55c4c000 r--p 00000000 00:00 0 
7f8f55c4c000-7f8f55c4d000 rw-p 00000000 00:00 0 
7f8f55c4d000-7f8f55c4e000 r--p 00020000 00:26 21614                      /lib64/ld-2.22.so
7f8f55c4e000-7f8f55c4f000 rw-p 00021000 00:26 21614                      /lib64/ld-2.22.so
7f8f55c4f000-7f8f55c50000 rw-p 00000000 00:00 0 
7ffe97a0b000-7ffe97a30000 rw-p 00000000 00:00 0                          [stack]
7ffe97a6c000-7ffe97a6f000 r--p 00000000 00:00 0                          [vvar]
7ffe97a6f000-7ffe97a71000 r-xp 00000000 00:00 0                          [vdso]
ffffffffff600000-ffffffffff601000 r-xp 00000000 00:00 0                  [vsyscall]

VM Arguments:
jvm_args: -Dfile.encoding=UTF-8 
java_command: com.example.demo.ServicesServiceApplication
java_class_path (initial): /home/yassine/Documents/microServicesProject/c-departement-service/target/classes:/root/.m2/repository/org/springframework/boot/spring-boot-starter-actuator/1.5.9.RELEASE/spring-boot-starter-actuator-1.5.9.RELEASE.jar:/root/.m2/repository/org/springframework/boot/spring-boot-starter/1.5.9.RELEASE/spring-boot-starter-1.5.9.RELEASE.jar:/root/.m2/repository/org/springframework/boot/spring-boot/1.5.9.RELEASE/spring-boot-1.5.9.RELEASE.jar:/root/.m2/repository/org/springframework/boot/spring-boot-autoconfigure/1.5.9.RELEASE/spring-boot-autoconfigure-1.5.9.RELEASE.jar:/root/.m2/repository/org/springframework/boot/spring-boot-starter-logging/1.5.9.RELEASE/spring-boot-starter-logging-1.5.9.RELEASE.jar:/root/.m2/repository/ch/qos/logback/logback-classic/1.1.11/logback-classic-1.1.11.jar:/root/.m2/repository/ch/qos/logback/logback-core/1.1.11/logback-core-1.1.11.jar:/root/.m2/repository/org/slf4j/jul-to-slf4j/1.7.25/jul-to-slf4j-1.7.25.jar:/root/.m2/repository/org/slf4j/log4j-over-slf4j/1.7.25/log4j-over-slf4j-1.7.25.jar:/root/.m2/repository/org/yaml/snakeyaml/1.17/snakeyaml-1.17.jar:/root/.m2/repository/org/springframework/boot/spring-boot-actuator/1.5.9.RELEASE/spring-boot-actuator-1.5.9.RELEASE.jar:/root/.m2/repository/org/springframework/spring-context/4.3.13.RELEASE/spring-context-4.3.13.RELEASE.jar:/root/.m2/repository/org/springframework/cloud/spring-cloud-starter-config/1.4.0.RELEASE/spring-cloud-starter-config-1.4.0.RELEASE.jar:/root/.m2/repository/org/springframework/cloud/spring-cloud-starter/1.3.0.RELEASE/spring-cloud-starter-1.3.0.RELEASE.jar:/root/.m2/repository/org/springframework/cloud/spring-cloud-context/1.3.0.RELEASE/spring-cloud-context-1.3.0.RELEASE.jar:/root/.m2/repository/org/springframework/security/spring-security-crypto/4.2.3.RELEASE/spring-security-crypto-4.2.3.RELEASE.jar:/root/.m2/repository/org/springframework/cloud/spring-cloud-commons/1.3.0.RELEASE/spring-cloud-commons-1.3.0.RELEASE.jar:/root/.m2/repository/org/apach
Launcher Type: SUN_STANDARD

Environment Variables:
JAVA_HOME=/usr/java/jdk1.8.0_144
JRE_HOME=/usr/lib64/jvm/java/jre
CLASSPATH=:/usr/local/glassfish4/glassfish/lib/*:/usr/local/glassfish4/glassfish/lib/appserv-rt.jar:/usr/local/glassfish4/glassfish/lib/javaee.jar
PATH=/usr/local/glassfish4/glassfish/bin:/home/yassine/bin:/usr/local/bin:/usr/bin:/sbin:/usr/sbin:/bin:/usr/bin/X11:/usr/games:/usr/java/jdk1.8.0_144/bin:/usr/local/glassfish4/javadb/bin
SHELL=/bin/bash
DISPLAY=:0
HOSTTYPE=x86_64
OSTYPE=linux
MACHTYPE=x86_64-suse-linux

Signal Handlers:
SIGSEGV: [libjvm.so+0xacba10], sa_mask[0]=11111111011111111101111111111110, sa_flags=SA_RESTART|SA_SIGINFO
SIGBUS: [libjvm.so+0xacba10], sa_mask[0]=11111111011111111101111111111110, sa_flags=SA_RESTART|SA_SIGINFO
SIGFPE: [libjvm.so+0x924ba0], sa_mask[0]=11111111011111111101111111111110, sa_flags=SA_RESTART|SA_SIGINFO
SIGPIPE: [libjvm.so+0x924ba0], sa_mask[0]=11111111011111111101111111111110, sa_flags=SA_RESTART|SA_SIGINFO
SIGXFSZ: [libjvm.so+0x924ba0], sa_mask[0]=11111111011111111101111111111110, sa_flags=SA_RESTART|SA_SIGINFO
SIGILL: [libjvm.so+0x924ba0], sa_mask[0]=11111111011111111101111111111110, sa_flags=SA_RESTART|SA_SIGINFO
SIGUSR1: SIG_DFL, sa_mask[0]=00000000000000000000000000000000, sa_flags=none
SIGUSR2: [libjvm.so+0x9263e0], sa_mask[0]=00100000000000000000000000000000, sa_flags=SA_RESTART|SA_SIGINFO
SIGHUP: [libjvm.so+0x9277e0], sa_mask[0]=11111111011111111101111111111110, sa_flags=SA_RESTART|SA_SIGINFO
SIGINT: [libjvm.so+0x9277e0], sa_mask[0]=11111111011111111101111111111110, sa_flags=SA_RESTART|SA_SIGINFO
SIGTERM: [libjvm.so+0x9277e0], sa_mask[0]=11111111011111111101111111111110, sa_flags=SA_RESTART|SA_SIGINFO
SIGQUIT: [libjvm.so+0x9277e0], sa_mask[0]=11111111011111111101111111111110, sa_flags=SA_RESTART|SA_SIGINFO


---------------  S Y S T E M  ---------------

OS:openSUSE 42.3 (x86_64)
VERSION = 42.3
CODENAME = Malachite
# /etc/SuSE-release is deprecated and will be removed in the future, use /etc/os-release instead

uname:Linux 4.4.103-36-default #1 SMP Wed Dec 13 14:10:37 UTC 2017 (8ffa695) x86_64
libc:glibc 2.22 NPTL 2.22 
rlimit: STACK 8192k, CORE 0k, NPROC 4096, NOFILE 4096, AS infinity
load average:0.89 0.71 0.84

/proc/meminfo:
MemTotal:        8054360 kB
MemFree:          133356 kB
MemAvailable:     903176 kB
Buffers:              12 kB
Cached:          1130940 kB
SwapCached:         7420 kB
Active:          5932236 kB
Inactive:        1606456 kB
Active(anon):    5340640 kB
Inactive(anon):  1277276 kB
Active(file):     591596 kB
Inactive(file):   329180 kB
Unevictable:          48 kB
Mlocked:              48 kB
SwapTotal:       8267772 kB
SwapFree:        8042520 kB
Dirty:                12 kB
Writeback:          1812 kB
AnonPages:       6402496 kB
Mapped:           326052 kB
Shmem:            209704 kB
Slab:             225156 kB
SReclaimable:     135700 kB
SUnreclaim:        89456 kB
KernelStack:       17504 kB
PageTables:        73352 kB
NFS_Unstable:          0 kB
Bounce:                0 kB
WritebackTmp:          0 kB
CommitLimit:    12294952 kB
Committed_AS:   12413308 kB
VmallocTotal:   34359738367 kB
VmallocUsed:           0 kB
VmallocChunk:          0 kB
HardwareCorrupted:     0 kB
AnonHugePages:   3059712 kB
HugePages_Total:       0
HugePages_Free:        0
HugePages_Rsvd:        0
HugePages_Surp:        0
Hugepagesize:       2048 kB
DirectMap4k:      190080 kB
DirectMap2M:     8079360 kB


CPU:total 4 (initial active 4) (2 cores per cpu, 2 threads per core) family 6 model 42 stepping 7, cmov, cx8, fxsr, mmx, sse, sse2, sse3, ssse3, sse4.1, sse4.2, popcnt, avx, aes, clmul, ht, tsc, tscinvbit

/proc/cpuinfo:
processor	: 0
vendor_id	: GenuineIntel
cpu family	: 6
model		: 42
model name	: Intel(R) Core(TM) i5-2520M CPU @ 2.50GHz
stepping	: 7
microcode	: 0x29
cpu MHz		: 2599.781
cache size	: 3072 KB
physical id	: 0
siblings	: 4
core id		: 0
cpu cores	: 2
apicid		: 0
initial apicid	: 0
fpu		: yes
fpu_exception	: yes
cpuid level	: 13
wp		: yes
flags		: fpu vme de pse tsc msr pae mce cx8 apic sep mtrr pge mca cmov pat pse36 clflush dts acpi mmx fxsr sse sse2 ss ht tm pbe syscall nx rdtscp lm constant_tsc arch_perfmon pebs bts nopl xtopology nonstop_tsc aperfmperf eagerfpu pni pclmulqdq dtes64 monitor ds_cpl vmx smx est tm2 ssse3 cx16 xtpr pdcm pcid sse4_1 sse4_2 x2apic popcnt tsc_deadline_timer aes xsave avx lahf_lm ida arat epb pln pts dtherm tpr_shadow vnmi flexpriority ept vpid xsaveopt
bugs		:
bogomips	: 4984.04
clflush size	: 64
cache_alignment	: 64
address sizes	: 36 bits physical, 48 bits virtual
power management:

processor	: 1
vendor_id	: GenuineIntel
cpu family	: 6
model		: 42
model name	: Intel(R) Core(TM) i5-2520M CPU @ 2.50GHz
stepping	: 7
microcode	: 0x29
cpu MHz		: 2599.998
cache size	: 3072 KB
physical id	: 0
siblings	: 4
core id		: 0
cpu cores	: 2
apicid		: 1
initial apicid	: 1
fpu		: yes
fpu_exception	: yes
cpuid level	: 13
wp		: yes
flags		: fpu vme de pse tsc msr pae mce cx8 apic sep mtrr pge mca cmov pat pse36 clflush dts acpi mmx fxsr sse sse2 ss ht tm pbe syscall nx rdtscp lm constant_tsc arch_perfmon pebs bts nopl xtopology nonstop_tsc aperfmperf eagerfpu pni pclmulqdq dtes64 monitor ds_cpl vmx smx est tm2 ssse3 cx16 xtpr pdcm pcid sse4_1 sse4_2 x2apic popcnt tsc_deadline_timer aes xsave avx lahf_lm ida arat epb pln pts dtherm tpr_shadow vnmi flexpriority ept vpid xsaveopt
bugs		:
bogomips	: 4984.04
clflush size	: 64
cache_alignment	: 64
address sizes	: 36 bits physical, 48 bits virtual
power management:

processor	: 2
vendor_id	: GenuineIntel
cpu family	: 6
model		: 42
model name	: Intel(R) Core(TM) i5-2520M CPU @ 2.50GHz
stepping	: 7
microcode	: 0x29
cpu MHz		: 2599.779
cache size	: 3072 KB
physical id	: 0
siblings	: 4
core id		: 1
cpu cores	: 2
apicid		: 2
initial apicid	: 2
fpu		: yes
fpu_exception	: yes
cpuid level	: 13
wp		: yes
flags		: fpu vme de pse tsc msr pae mce cx8 apic sep mtrr pge mca cmov pat pse36 clflush dts acpi mmx fxsr sse sse2 ss ht tm pbe syscall nx rdtscp lm constant_tsc arch_perfmon pebs bts nopl xtopology nonstop_tsc aperfmperf eagerfpu pni pclmulqdq dtes64 monitor ds_cpl vmx smx est tm2 ssse3 cx16 xtpr pdcm pcid sse4_1 sse4_2 x2apic popcnt tsc_deadline_timer aes xsave avx lahf_lm ida arat epb pln pts dtherm tpr_shadow vnmi flexpriority ept vpid xsaveopt
bugs		:
bogomips	: 4984.04
clflush size	: 64
cache_alignment	: 64
address sizes	: 36 bits physical, 48 bits virtual
power management:

processor	: 3
vendor_id	: GenuineIntel
cpu family	: 6
model		: 42
model name	: Intel(R) Core(TM) i5-2520M CPU @ 2.50GHz
stepping	: 7
microcode	: 0x29
cpu MHz		: 2599.999
cache size	: 3072 KB
physical id	: 0
siblings	: 4
core id		: 1
cpu cores	: 2
apicid		: 3
initial apicid	: 3
fpu		: yes
fpu_exception	: yes
cpuid level	: 13
wp		: yes
flags		: fpu vme de pse tsc msr pae mce cx8 apic sep mtrr pge mca cmov pat pse36 clflush dts acpi mmx fxsr sse sse2 ss ht tm pbe syscall nx rdtscp lm constant_tsc arch_perfmon pebs bts nopl xtopology nonstop_tsc aperfmperf eagerfpu pni pclmulqdq dtes64 monitor ds_cpl vmx smx est tm2 ssse3 cx16 xtpr pdcm pcid sse4_1 sse4_2 x2apic popcnt tsc_deadline_timer aes xsave avx lahf_lm ida arat epb pln pts dtherm tpr_shadow vnmi flexpriority ept vpid xsaveopt
bugs		:
bogomips	: 4984.04
clflush size	: 64
cache_alignment	: 64
address sizes	: 36 bits physical, 48 bits virtual
power management:



Memory: 4k page, physical 8054360k(133700k free), swap 8267772k(8041484k free)

vm_info: Java HotSpot(TM) 64-Bit Server VM (25.144-b01) for linux-amd64 JRE (1.8.0_144-b01), built on Jul 21 2017 21:57:33 by "java_re" with gcc 4.3.0 20080428 (Red Hat 4.3.0-8)

time: Wed Jan 31 14:32:43 2018
elapsed time: 990 seconds (0d 0h 16m 30s)

